#
# A fatal error has been detected by the Java Runtime Environment:
#
#  SIGBUS (0xa) at pc=0x00007fff8e754ac1, pid=36450, tid=176387
#
# JRE version: Java(TM) SE Runtime Environment (8.0_31-b13) (build 1.8.0_31-b13)
# Java VM: Java HotSpot(TM) 64-Bit Server VM (25.31-b07 mixed mode bsd-amd64 compressed oops)
# Problematic frame:
# C  [libsystem_c.dylib+0x1ac1]  memmove$VARIANT$sse42+0xd9
#
# Failed to write core dump. Core dumps have been disabled. To enable core dumping, try "ulimit -c unlimited" before starting Java again
#
# If you would like to submit a bug report, please visit:
#   http://bugreport.java.com/bugreport/crash.jsp
# The crash happened outside the Java Virtual Machine in native code.
# See problematic frame for where to report the bug.
#

---------------  T H R E A D  ---------------

Current thread (0x00007fc0489e9000):  JavaThread "play-akka.actor.default-dispatcher-4" [_thread_in_native, id=176387, stack(0x00000001ca34d000,0x00000001ca54d000)]

siginfo: si_signo: 10 (SIGBUS), si_code: 2 (BUS_ADRERR), si_addr: 0x0000000198270000

Registers:
RAX=0x00007fbeb4bea900, RBX=0x000000019826951f, RCX=0xffffffffffff9fc0, RDX=0x0000000000000004
RSP=0x00000001ca54b320, RBP=0x00000001ca54b320, RSI=0x000000019827600f, RDI=0x00007fc04ce60950
R8 =0x0000000000000002, R9 =0x00007fc04a184a00, R10=0x0000000000000400, R11=0x00007fc04ce5a402
R12=0x0000000064726168, R13=0x0000000073616c63, R14=0x00000000656c6544, R15=0x0000000000006552
RIP=0x00007fff8e754ac1, EFLAGS=0x0000000000010286, ERR=0x0000000000000004
  TRAPNO=0x000000000000000e

Top of Stack: (sp=0x00000001ca54b320)
0x00000001ca54b320:   00000001ca54b390 00000001082b2086
0x00000001ca54b330:   00000052ca54b508 0000000000000065
0x00000001ca54b340:   0000000000006f73 00007fc04c8fcc00
0x00000001ca54b350:   0000000000006574 00007fc047a5c780
0x00000001ca54b360:   00007fc047add410 00007fc047a5c780
0x00000001ca54b370:   00007fc0464d6800 0000000000000b80
0x00000001ca54b380:   00000000df721158 00007fc04b0b36d0
0x00000001ca54b390:   00000001ca54b3f0 00000001082b2554
0x00000001ca54b3a0:   00000001ca54b42b 00000001ca54b42a
0x00000001ca54b3b0:   0000001b00000000 0000001c019e9000
0x00000001ca54b3c0:   00000001ca54b40e 00000001ca54b858
0x00000001ca54b3d0:   000000000000001c 00000001ca54b40e
0x00000001ca54b3e0:   00007fc047a5c780 00007fc0489e91e8
0x00000001ca54b3f0:   00000001ca54b840 00000001082b134f
0x00000001ca54b400:   00000000fffffff3 6264000100000001
0x00000001ca54b410:   6974617267696d2f 726f6665622f6e6f
0x00000001ca54b420:   732e6e61656c4365 00000001ca006c71
0x00000001ca54b430:   0000000155d57ef0 0000000155d580d8
0x00000001ca54b440:   00007fc043eee0b0 00000001ca54b770
0x00000001ca54b450:   00000001ca54b700 00007fc0489e9000
0x00000001ca54b460:   00007fc0489e9000 0000000000000001
0x00000001ca54b470:   00000001953cddb0 0000000000000061
0x00000001ca54b480:   00007fc0489e9000 00007fc0489e9000
0x00000001ca54b490:   00000001953cf6b8 00007fc0489e9000
0x00000001ca54b4a0:   00000001953cf6b8 00000001953cf6b8
0x00000001ca54b4b0:   0000000000000077 00000000ffffffff
0x00000001ca54b4c0:   000000000000000a 0000007c00000000
0x00000001ca54b4d0:   0000000000000000 0000000000000004
0x00000001ca54b4e0:   000000011c7b40f8 000000011c7b4488
0x00000001ca54b4f0:   0000000000000020 0000000000000100
0x00000001ca54b500:   00000001ca54ba00 00007fc0489e9000
0x00000001ca54b510:   0000000130781500 0000000000000001 

Instructions: (pc=0x00007fff8e754ac1)
0x00007fff8e754aa1:   40 75 cc e9 57 ff ff ff 0f 1f 80 00 00 00 00 f3
0x00007fff8e754ab1:   0f 6f 04 0e f3 0f 6f 4c 0e 10 f3 0f 6f 54 0e 20
0x00007fff8e754ac1:   f3 0f 6f 5c 0e 30 66 0f 7f 04 0f 66 0f 7f 4c 0f
0x00007fff8e754ad1:   10 66 0f 7f 54 0f 20 66 0f 7f 5c 0f 30 48 83 c1 

Register to memory mapping:

RAX=0x00007fbeb4bea900 is an unknown value
RBX=0x000000019826951f is an unknown value
RCX=0xffffffffffff9fc0 is an unknown value
RDX=0x0000000000000004 is an unknown value
RSP=0x00000001ca54b320 is pointing into the stack for thread: 0x00007fc0489e9000
RBP=0x00000001ca54b320 is pointing into the stack for thread: 0x00007fc0489e9000
RSI=0x000000019827600f is an unknown value
RDI=0x00007fc04ce60950 is an unknown value
R8 =0x0000000000000002 is an unknown value
R9 =0x00007fc04a184a00 is an unknown value
R10=0x0000000000000400 is an unknown value
R11=0x00007fc04ce5a402 is an unknown value
R12=0x0000000064726168 is an unknown value
R13=0x0000000073616c63 is an unknown value
R14=0x00000000656c6544 is an unknown value
R15=0x0000000000006552 is an unknown value


Stack: [0x00000001ca34d000,0x00000001ca54d000],  sp=0x00000001ca54b320,  free space=2040k
Native frames: (J=compiled Java code, j=interpreted, Vv=VM code, C=native code)
C  [libsystem_c.dylib+0x1ac1]  memmove$VARIANT$sse42+0xd9
C  [libzip.dylib+0x3086]  newEntry+0x321
C  [libzip.dylib+0x3554]  ZIP_GetEntry2+0xd4
C  [libzip.dylib+0x234f]  Java_java_util_zip_ZipFile_getEntry+0xcf
J 99  java.util.zip.ZipFile.getEntry(J[BZ)J (0 bytes) @ 0x00000001083f320e [0x00000001083f3140+0xce]
J 16159 C2 java.util.jar.JarFile.getEntry(Ljava/lang/String;)Ljava/util/zip/ZipEntry; (22 bytes) @ 0x0000000109a5e5c4 [0x0000000109a5e280+0x344]

Java frames: (J=compiled Java code, j=interpreted, Vv=VM code)
J 99  java.util.zip.ZipFile.getEntry(J[BZ)J (0 bytes) @ 0x00000001083f3198 [0x00000001083f3140+0x58]
J 16159 C2 java.util.jar.JarFile.getEntry(Ljava/lang/String;)Ljava/util/zip/ZipEntry; (22 bytes) @ 0x0000000109a5e5c4 [0x0000000109a5e280+0x344]
j  sun.net.www.protocol.jar.URLJarFile.getEntry(Ljava/lang/String;)Ljava/util/zip/ZipEntry;+2
j  sun.net.www.protocol.jar.JarURLConnection.connect()V+62
j  sun.net.www.protocol.jar.JarURLConnection.getInputStream()Ljava/io/InputStream;+1
j  java.net.URLClassLoader.getResourceAsStream(Ljava/lang/String;)Ljava/io/InputStream;+18
j  org.flywaydb.core.internal.util.scanner.classpath.ClassPathResource.loadAsString(Ljava/lang/String;)Ljava/lang/String;+8
j  org.flywaydb.core.internal.dbsupport.SqlScript.<init>(Lorg/flywaydb/core/internal/dbsupport/DbSupport;Lorg/flywaydb/core/internal/util/scanner/Resource;Lorg/flywaydb/core/internal/util/PlaceholderReplacer;Ljava/lang/String;)V+12
j  org.flywaydb.core.internal.callback.SqlScriptFlywayCallback.<init>(Lorg/flywaydb/core/internal/dbsupport/DbSupport;Lorg/flywaydb/core/internal/util/scanner/Scanner;Lorg/flywaydb/core/internal/util/Locations;Lorg/flywaydb/core/internal/util/PlaceholderReplacer;Ljava/lang/String;Ljava/lang/String;)V+301
j  org.flywaydb.core.Flyway.execute(Lorg/flywaydb/core/Flyway$Command;)Ljava/lang/Object;+337
j  org.flywaydb.core.Flyway.clean()V+9
j  com.galacticfog.gestalt.data.bootstrap.Bootstrap$$anonfun$clean$1.apply$mcV$sp()V+7
j  com.galacticfog.gestalt.data.bootstrap.Bootstrap$$anonfun$clean$1.apply()V+1
j  com.galacticfog.gestalt.data.bootstrap.Bootstrap$$anonfun$clean$1.apply()Ljava/lang/Object;+1
j  scala.util.Try$.apply(Lscala/Function0;)Lscala/util/Try;+5
j  com.galacticfog.gestalt.data.bootstrap.Bootstrap.clean()Lscala/util/Try;+11
j  controllers.BootstrapController$$anonfun$bootstrap$2.apply(Lcom/mohiva/play/silhouette/api/Silhouette$SecuredRequest;)Lplay/api/mvc/Result;+248
j  controllers.BootstrapController$$anonfun$bootstrap$2.apply(Ljava/lang/Object;)Ljava/lang/Object;+5
j  play.api.mvc.ActionBuilder$$anonfun$apply$16.apply(Ljava/lang/Object;)Lscala/concurrent/Future;+8
j  play.api.mvc.ActionBuilder$$anonfun$apply$16.apply(Ljava/lang/Object;)Ljava/lang/Object;+2
j  com.galacticfog.gestalt.security.play.silhouette.GestaltFrameworkSecuredController$GestaltFrameworkAuthActionBuilder$$anonfun$invokeBlock$2.apply(Lcom/mohiva/play/silhouette/api/Silhouette$HandlerResult;)Lscala/concurrent/Future;+40
j  com.galacticfog.gestalt.security.play.silhouette.GestaltFrameworkSecuredController$GestaltFrameworkAuthActionBuilder$$anonfun$invokeBlock$2.apply(Ljava/lang/Object;)Ljava/lang/Object;+5
j  scala.concurrent.Future$$anonfun$flatMap$1.apply(Lscala/util/Try;)Ljava/lang/Object;+45
j  scala.concurrent.Future$$anonfun$flatMap$1.apply(Ljava/lang/Object;)Ljava/lang/Object;+5
j  scala.concurrent.impl.CallbackRunnable.run()V+26
j  akka.dispatch.BatchingExecutor$Batch$$anonfun$run$1.processBatch$1(Lscala/collection/immutable/List;)V+71
j  akka.dispatch.BatchingExecutor$Batch$$anonfun$run$1.apply$mcV$sp()V+19
j  akka.dispatch.BatchingExecutor$Batch$$anonfun$run$1.apply()V+1
j  akka.dispatch.BatchingExecutor$Batch$$anonfun$run$1.apply()Ljava/lang/Object;+1
j  scala.concurrent.BlockContext$.withBlockContext(Lscala/concurrent/BlockContext;Lscala/Function0;)Ljava/lang/Object;+20
j  akka.dispatch.BatchingExecutor$Batch.run()V+46
j  akka.dispatch.TaskInvocation.run()V+4
j  akka.dispatch.ForkJoinExecutorConfigurator$AkkaForkJoinTask.exec()Z+4
j  scala.concurrent.forkjoin.ForkJoinTask.doExec()I+10
j  scala.concurrent.forkjoin.ForkJoinPool$WorkQueue.runTask(Lscala/concurrent/forkjoin/ForkJoinTask;)V+10
j  scala.concurrent.forkjoin.ForkJoinPool.runWorker(Lscala/concurrent/forkjoin/ForkJoinPool$WorkQueue;)V+11
j  scala.concurrent.forkjoin.ForkJoinWorkerThread.run()V+14
v  ~StubRoutines::call_stub

---------------  P R O C E S S  ---------------

Java Threads: ( => current thread )
  0x00007fc046672000 JavaThread "ForkJoinPool-3-worker-11" daemon [_thread_blocked, id=177923, stack(0x00000001ca956000,0x00000001cab56000)]
  0x00007fc045b65800 JavaThread "ForkJoinPool-3-worker-13" daemon [_thread_blocked, id=177411, stack(0x00000001ca753000,0x00000001ca953000)]
  0x00007fc0454a4000 JavaThread "Hashed wheel timer #7" [_thread_blocked, id=176899, stack(0x00000001ca550000,0x00000001ca750000)]
=>0x00007fc0489e9000 JavaThread "play-akka.actor.default-dispatcher-4" [_thread_in_native, id=176387, stack(0x00000001ca34d000,0x00000001ca54d000)]
  0x00007fc045eb4800 JavaThread "play-akka.actor.default-dispatcher-3" [_thread_blocked, id=175875, stack(0x00000001ca14a000,0x00000001ca34a000)]
  0x00007fc045fa3800 JavaThread "play-akka.actor.default-dispatcher-2" [_thread_blocked, id=175363, stack(0x00000001c9f47000,0x00000001ca147000)]
  0x00007fc045bd4000 JavaThread "play-scheduler-1" [_thread_blocked, id=174347, stack(0x00000001c9d44000,0x00000001c9f44000)]
  0x00007fc0460e1800 JavaThread "Hashed wheel timer #8" [_thread_blocked, id=156691, stack(0x00000001c9b41000,0x00000001c9d41000)]
  0x00007fc04a108000 JavaThread "New I/O boss #85" [_thread_in_native, id=30263, stack(0x00000001c993e000,0x00000001c9b3e000)]
  0x00007fc046781800 JavaThread "New I/O worker #84" daemon [_thread_in_native, id=51583, stack(0x00000001c973b000,0x00000001c993b000)]
  0x00007fc04a066800 JavaThread "New I/O worker #83" daemon [_thread_in_native, id=55159, stack(0x00000001c9538000,0x00000001c9738000)]
  0x00007fc04a0eb800 JavaThread "New I/O worker #82" daemon [_thread_in_native, id=53611, stack(0x00000001c9335000,0x00000001c9535000)]
  0x00007fc04a0aa800 JavaThread "New I/O worker #81" daemon [_thread_in_native, id=52595, stack(0x00000001c9132000,0x00000001c9332000)]
  0x00007fc04cfc5800 JavaThread "New I/O worker #80" daemon [_thread_in_native, id=56679, stack(0x00000001c8f2f000,0x00000001c912f000)]
  0x00007fc0467e3000 JavaThread "New I/O worker #79" daemon [_thread_in_native, id=50295, stack(0x00000001c8d2c000,0x00000001c8f2c000)]
  0x00007fc04cca3800 JavaThread "New I/O worker #78" daemon [_thread_in_native, id=51315, stack(0x00000001c8b29000,0x00000001c8d29000)]
  0x00007fc04ce72000 JavaThread "New I/O worker #77" daemon [_thread_in_native, id=54143, stack(0x00000001c3ab7000,0x00000001c3cb7000)]
  0x00007fc04ca84000 JavaThread "New I/O worker #76" daemon [_thread_in_native, id=53367, stack(0x00000001c34b1000,0x00000001c36b1000)]
  0x00007fc046641800 JavaThread "New I/O worker #75" daemon [_thread_in_native, id=54395, stack(0x00000001c32ae000,0x00000001c34ae000)]
  0x00007fc04a26c000 JavaThread "New I/O worker #74" daemon [_thread_in_native, id=134967, stack(0x00000001c2e20000,0x00000001c3020000)]
  0x00007fc04a0ae800 JavaThread "New I/O worker #73" daemon [_thread_in_native, id=33879, stack(0x00000001a27e7000,0x00000001a29e7000)]
  0x00007fc0463bc800 JavaThread "New I/O worker #72" daemon [_thread_in_native, id=173839, stack(0x00000001a1e32000,0x00000001a2032000)]
  0x00007fc046028000 JavaThread "New I/O worker #71" daemon [_thread_in_native, id=155411, stack(0x00000001a0987000,0x00000001a0b87000)]
  0x00007fc046381000 JavaThread "New I/O worker #70" daemon [_thread_in_native, id=61027, stack(0x00000001a0261000,0x00000001a0461000)]
  0x00007fc0462b3000 JavaThread "New I/O worker #69" daemon [_thread_in_native, id=50799, stack(0x00000001a005e000,0x00000001a025e000)]
  0x00007fc04d9fc000 JavaThread "net.sf.ehcache.CacheManager@11331d9f" daemon [_thread_blocked, id=48487, stack(0x00000001c2a1d000,0x00000001c2c1d000)]
  0x00007fc04d9fb800 JavaThread "play-internal-execution-context-1" daemon [_thread_blocked, id=42819, stack(0x00000001c2299000,0x00000001c2499000)]
  0x00007fc04da79000 JavaThread "New I/O server boss #17" [_thread_in_native, id=135727, stack(0x00000001c2096000,0x00000001c2296000)]
  0x00007fc04da78000 JavaThread "New I/O worker #16" [_thread_in_native, id=21839, stack(0x00000001c1e93000,0x00000001c2093000)]
  0x00007fc04db45000 JavaThread "New I/O worker #15" [_thread_in_native, id=60487, stack(0x00000001c1c90000,0x00000001c1e90000)]
  0x00007fc045b27800 JavaThread "New I/O worker #14" [_thread_in_native, id=33607, stack(0x00000001c1a8d000,0x00000001c1c8d000)]
  0x00007fc045b24800 JavaThread "New I/O worker #13" [_thread_in_native, id=48747, stack(0x00000001c188a000,0x00000001c1a8a000)]
  0x00007fc045b22800 JavaThread "New I/O worker #12" [_thread_in_native, id=48983, stack(0x00000001c1687000,0x00000001c1887000)]
  0x00007fc045b21800 JavaThread "New I/O worker #11" [_thread_in_native, id=38415, stack(0x00000001c1484000,0x00000001c1684000)]
  0x00007fc045d8c000 JavaThread "New I/O worker #10" [_thread_in_native, id=41231, stack(0x00000001c1281000,0x00000001c1481000)]
  0x00007fc045d8b800 JavaThread "New I/O worker #9" [_thread_in_native, id=38671, stack(0x00000001c107e000,0x00000001c127e000)]
  0x00007fc045c6f800 JavaThread "New I/O worker #8" [_thread_in_native, id=45583, stack(0x00000001a7711000,0x00000001a7911000)]
  0x00007fc045c6f000 JavaThread "New I/O worker #7" [_thread_in_native, id=44303, stack(0x00000001a710b000,0x00000001a730b000)]
  0x00007fc045c61000 JavaThread "New I/O worker #6" [_thread_in_native, id=22307, stack(0x00000001a6f08000,0x00000001a7108000)]
  0x00007fc045c60000 JavaThread "New I/O worker #5" [_thread_in_native, id=41743, stack(0x00000001a62c5000,0x00000001a64c5000)]
  0x00007fc04ddbe000 JavaThread "New I/O worker #4" [_thread_in_native, id=39951, stack(0x00000001a5cf3000,0x00000001a5ef3000)]
  0x00007fc04ddbd000 JavaThread "New I/O worker #3" [_thread_in_native, id=49179, stack(0x00000001a58f0000,0x00000001a5af0000)]
  0x00007fc045c0c800 JavaThread "New I/O worker #2" [_thread_in_native, id=46607, stack(0x00000001a56ed000,0x00000001a58ed000)]
  0x00007fc045c0c000 JavaThread "New I/O worker #1" [_thread_in_native, id=54863, stack(0x00000001a54ea000,0x00000001a56ea000)]
  0x00007fc04288b000 JavaThread "pool-138-thread-9" [_thread_blocked, id=37415, stack(0x00000001a42d5000,0x00000001a44d5000)]
  0x00007fc04a1f1800 JavaThread "pool-138-thread-8" [_thread_blocked, id=154419, stack(0x00000001a2b5e000,0x00000001a2d5e000)]
  0x00007fc04ce4e000 JavaThread "pool-138-thread-7" [_thread_blocked, id=59691, stack(0x00000001a233f000,0x00000001a253f000)]
  0x00007fc04cba5800 JavaThread "pool-138-thread-6" [_thread_blocked, id=48203, stack(0x00000001a213c000,0x00000001a233c000)]
  0x00007fc045685000 JavaThread "pool-138-thread-5" [_thread_blocked, id=154643, stack(0x00000001a1987000,0x00000001a1b87000)]
  0x00007fc045a37800 JavaThread "pool-138-thread-4" [_thread_blocked, id=40451, stack(0x000000019e02e000,0x000000019e22e000)]
  0x00007fc04dca0000 JavaThread "pool-138-thread-3" [_thread_blocked, id=37159, stack(0x000000019d223000,0x000000019d423000)]
  0x00007fc04cbab000 JavaThread "pool-138-thread-2" [_thread_blocked, id=47151, stack(0x000000019d020000,0x000000019d220000)]
  0x00007fc041d14000 JavaThread "pool-138-thread-1" [_thread_in_native, id=40239, stack(0x000000019c529000,0x000000019c729000)]
  0x00007fc048b71000 JavaThread "process reaper" daemon [_thread_blocked, id=41023, stack(0x0000000198c15000,0x0000000198c3d000)]
  0x00007fc04488a000 JavaThread "Hashed wheel timer #9" [_thread_blocked, id=173315, stack(0x00000001c8926000,0x00000001c8b26000)]
  0x00007fc048ab0800 JavaThread "Hashed wheel timer #12" [_thread_blocked, id=172803, stack(0x00000001c8723000,0x00000001c8923000)]
  0x00007fc04a0ff800 JavaThread "New I/O boss #119" [_thread_in_native, id=172291, stack(0x00000001c8520000,0x00000001c8720000)]
  0x00007fc04a0fd000 JavaThread "New I/O worker #118" daemon [_thread_in_native, id=171779, stack(0x00000001c831d000,0x00000001c851d000)]
  0x00007fc04a310800 JavaThread "New I/O worker #117" daemon [_thread_in_native, id=171267, stack(0x00000001c811a000,0x00000001c831a000)]
  0x00007fc04a0ea800 JavaThread "New I/O worker #116" daemon [_thread_in_native, id=170755, stack(0x00000001c7f17000,0x00000001c8117000)]
  0x00007fc04a0ea000 JavaThread "New I/O worker #115" daemon [_thread_in_native, id=170243, stack(0x00000001c7d14000,0x00000001c7f14000)]
  0x00007fc048a9d800 JavaThread "New I/O worker #114" daemon [_thread_in_native, id=169731, stack(0x00000001c7b11000,0x00000001c7d11000)]
  0x00007fc0445eb800 JavaThread "New I/O worker #113" daemon [_thread_in_native, id=169219, stack(0x00000001c790e000,0x00000001c7b0e000)]
  0x00007fc042b05000 JavaThread "New I/O worker #112" daemon [_thread_in_native, id=168707, stack(0x00000001c770b000,0x00000001c790b000)]
  0x00007fc047660800 JavaThread "New I/O worker #111" daemon [_thread_in_native, id=168195, stack(0x00000001c7508000,0x00000001c7708000)]
  0x00007fc0408d8800 JavaThread "New I/O worker #110" daemon [_thread_in_native, id=167683, stack(0x00000001c7305000,0x00000001c7505000)]
  0x00007fc0408d8000 JavaThread "New I/O worker #109" daemon [_thread_in_native, id=167171, stack(0x00000001c7102000,0x00000001c7302000)]
  0x00007fc040ac2800 JavaThread "New I/O worker #108" daemon [_thread_in_native, id=166659, stack(0x00000001c6eff000,0x00000001c70ff000)]
  0x00007fc040ac2000 JavaThread "New I/O worker #107" daemon [_thread_in_native, id=166147, stack(0x00000001c6cfc000,0x00000001c6efc000)]
  0x00007fc040ecb000 JavaThread "New I/O worker #106" daemon [_thread_in_native, id=165635, stack(0x00000001c6af9000,0x00000001c6cf9000)]
  0x00007fc040e95000 JavaThread "New I/O worker #105" daemon [_thread_in_native, id=165123, stack(0x00000001c68f6000,0x00000001c6af6000)]
  0x00007fc040e94000 JavaThread "New I/O worker #104" daemon [_thread_in_native, id=164611, stack(0x00000001c66f3000,0x00000001c68f3000)]
  0x00007fc040b83000 JavaThread "New I/O worker #103" daemon [_thread_in_native, id=164099, stack(0x00000001c64f0000,0x00000001c66f0000)]
  0x00007fc040b82000 JavaThread "Hashed wheel timer #10" [_thread_blocked, id=163587, stack(0x00000001c62ed000,0x00000001c64ed000)]
  0x00007fc042bb6800 JavaThread "New I/O boss #102" [_thread_in_native, id=163075, stack(0x00000001c60ea000,0x00000001c62ea000)]
  0x00007fc042bb6000 JavaThread "New I/O worker #101" daemon [_thread_in_native, id=162563, stack(0x00000001c5ee7000,0x00000001c60e7000)]
  0x00007fc040f6e800 JavaThread "New I/O worker #100" daemon [_thread_in_native, id=162051, stack(0x00000001c5ce4000,0x00000001c5ee4000)]
  0x00007fc040fe8800 JavaThread "New I/O worker #99" daemon [_thread_in_native, id=161539, stack(0x00000001c5ae1000,0x00000001c5ce1000)]
  0x00007fc0475cc000 JavaThread "New I/O worker #98" daemon [_thread_in_native, id=161027, stack(0x00000001c58de000,0x00000001c5ade000)]
  0x00007fc041faa800 JavaThread "New I/O worker #97" daemon [_thread_in_native, id=160515, stack(0x00000001c56db000,0x00000001c58db000)]
  0x00007fc041caf800 JavaThread "New I/O worker #96" daemon [_thread_in_native, id=160003, stack(0x00000001c54d8000,0x00000001c56d8000)]
  0x00007fc040a5f800 JavaThread "New I/O worker #95" daemon [_thread_in_native, id=159491, stack(0x00000001c52d5000,0x00000001c54d5000)]
  0x00007fc040fe7800 JavaThread "New I/O worker #94" daemon [_thread_in_native, id=158979, stack(0x00000001c50d2000,0x00000001c52d2000)]
  0x00007fc04095c000 JavaThread "New I/O worker #93" daemon [_thread_in_native, id=158467, stack(0x00000001c4ecf000,0x00000001c50cf000)]
  0x00007fc04095b000 JavaThread "New I/O worker #92" daemon [_thread_in_native, id=157955, stack(0x00000001c4ccc000,0x00000001c4ecc000)]
  0x00007fc0477cd000 JavaThread "New I/O worker #91" daemon [_thread_in_native, id=154887, stack(0x00000001c4ac9000,0x00000001c4cc9000)]
  0x00007fc040ce3000 JavaThread "New I/O worker #90" daemon [_thread_in_native, id=156939, stack(0x00000001c48c6000,0x00000001c4ac6000)]
  0x00007fc0420f4800 JavaThread "New I/O worker #89" daemon [_thread_in_native, id=42267, stack(0x00000001c46c3000,0x00000001c48c3000)]
  0x00007fc0420f2000 JavaThread "New I/O worker #88" daemon [_thread_in_native, id=99883, stack(0x00000001c44c0000,0x00000001c46c0000)]
  0x00007fc0445eb000 JavaThread "New I/O worker #87" daemon [_thread_in_native, id=56103, stack(0x00000001c3cba000,0x00000001c3eba000)]
  0x00007fc045d98800 JavaThread "New I/O worker #86" daemon [_thread_in_native, id=35615, stack(0x00000001c36b4000,0x00000001c38b4000)]
  0x00007fc042bb8800 JavaThread "ForkJoinPool-3-worker-5" daemon [_thread_blocked, id=35871, stack(0x000000019e5e2000,0x000000019e7e2000)]
  0x00007fc0443da000 JavaThread "Hashed wheel timer #41" [_thread_blocked, id=153859, stack(0x00000001c007b000,0x00000001c027b000)]
  0x00007fc04a5a2000 JavaThread "Hashed wheel timer #44" [_thread_blocked, id=153347, stack(0x00000001bfe78000,0x00000001c0078000)]
  0x00007fc04a5a1800 JavaThread "New I/O boss #391" [_thread_in_native, id=152835, stack(0x00000001bfc75000,0x00000001bfe75000)]
  0x00007fc04a58e800 JavaThread "New I/O worker #390" daemon [_thread_in_native, id=152323, stack(0x00000001bfa72000,0x00000001bfc72000)]
  0x00007fc04a684000 JavaThread "New I/O worker #389" daemon [_thread_in_native, id=151811, stack(0x00000001bf86f000,0x00000001bfa6f000)]
  0x00007fc04a683000 JavaThread "New I/O worker #388" daemon [_thread_in_native, id=151299, stack(0x00000001bf66c000,0x00000001bf86c000)]
  0x00007fc04a682800 JavaThread "New I/O worker #387" daemon [_thread_in_native, id=150787, stack(0x00000001bf469000,0x00000001bf669000)]
  0x00007fc04a67f800 JavaThread "New I/O worker #386" daemon [_thread_in_native, id=150275, stack(0x00000001bf266000,0x00000001bf466000)]
  0x00007fc04a55b000 JavaThread "New I/O worker #385" daemon [_thread_in_native, id=149763, stack(0x00000001bf063000,0x00000001bf263000)]
  0x00007fc04a55a800 JavaThread "New I/O worker #384" daemon [_thread_in_native, id=149251, stack(0x00000001bee60000,0x00000001bf060000)]
  0x00007fc04a4e4800 JavaThread "New I/O worker #383" daemon [_thread_in_native, id=148739, stack(0x00000001bec5d000,0x00000001bee5d000)]
  0x00007fc04a4e4000 JavaThread "New I/O worker #382" daemon [_thread_in_native, id=148227, stack(0x00000001bea5a000,0x00000001bec5a000)]
  0x00007fc04a4e3000 JavaThread "New I/O worker #381" daemon [_thread_in_native, id=147715, stack(0x00000001be857000,0x00000001bea57000)]
  0x00007fc04a4e0800 JavaThread "New I/O worker #380" daemon [_thread_in_native, id=147203, stack(0x00000001be654000,0x00000001be854000)]
  0x00007fc04a50f800 JavaThread "New I/O worker #379" daemon [_thread_in_native, id=146691, stack(0x00000001be451000,0x00000001be651000)]
  0x00007fc04a4df800 JavaThread "New I/O worker #378" daemon [_thread_in_native, id=146179, stack(0x00000001be24e000,0x00000001be44e000)]
  0x00007fc04a4a3800 JavaThread "New I/O worker #377" daemon [_thread_in_native, id=145667, stack(0x00000001be04b000,0x00000001be24b000)]
  0x00007fc04a4df000 JavaThread "New I/O worker #376" daemon [_thread_in_native, id=145155, stack(0x00000001bde48000,0x00000001be048000)]
  0x00007fc04a4dc000 JavaThread "New I/O worker #375" daemon [_thread_in_native, id=144643, stack(0x00000001bdc45000,0x00000001bde45000)]
  0x00007fc045116800 JavaThread "Hashed wheel timer #42" [_thread_blocked, id=144131, stack(0x00000001bda42000,0x00000001bdc42000)]
  0x00007fc045a5d800 JavaThread "New I/O boss #374" [_thread_in_native, id=143619, stack(0x00000001bd83f000,0x00000001bda3f000)]
  0x00007fc045a5d000 JavaThread "New I/O worker #373" daemon [_thread_in_native, id=143107, stack(0x00000001bd63c000,0x00000001bd83c000)]
  0x00007fc045c3b800 JavaThread "New I/O worker #372" daemon [_thread_in_native, id=142595, stack(0x00000001bd439000,0x00000001bd639000)]
  0x00007fc045907800 JavaThread "New I/O worker #371" daemon [_thread_in_native, id=142083, stack(0x00000001bd236000,0x00000001bd436000)]
  0x00007fc04401e000 JavaThread "New I/O worker #370" daemon [_thread_in_native, id=141571, stack(0x00000001bd033000,0x00000001bd233000)]
  0x00007fc04a4d9800 JavaThread "New I/O worker #369" daemon [_thread_in_native, id=141059, stack(0x00000001bce30000,0x00000001bd030000)]
  0x00007fc04a4d6800 JavaThread "New I/O worker #368" daemon [_thread_in_native, id=140547, stack(0x00000001bcc2d000,0x00000001bce2d000)]
  0x00007fc04a1d5800 JavaThread "New I/O worker #367" daemon [_thread_in_native, id=140035, stack(0x00000001bca2a000,0x00000001bcc2a000)]
  0x00007fc04a447000 JavaThread "New I/O worker #366" daemon [_thread_in_native, id=139523, stack(0x00000001bc827000,0x00000001bca27000)]
  0x00007fc046a65000 JavaThread "New I/O worker #365" daemon [_thread_in_native, id=139011, stack(0x00000001bc624000,0x00000001bc824000)]
  0x00007fc04a444000 JavaThread "New I/O worker #364" daemon [_thread_in_native, id=138499, stack(0x00000001bc421000,0x00000001bc621000)]
  0x00007fc04a441800 JavaThread "New I/O worker #363" daemon [_thread_in_native, id=137987, stack(0x00000001bc21e000,0x00000001bc41e000)]
  0x00007fc04a468800 JavaThread "New I/O worker #362" daemon [_thread_in_native, id=32315, stack(0x00000001bc01b000,0x00000001bc21b000)]
  0x00007fc04a467800 JavaThread "New I/O worker #361" daemon [_thread_in_native, id=135447, stack(0x00000001bbe18000,0x00000001bc018000)]
  0x00007fc04a3c7000 JavaThread "New I/O worker #360" daemon [_thread_in_native, id=136971, stack(0x00000001bbc15000,0x00000001bbe15000)]
  0x00007fc04a084800 JavaThread "New I/O worker #359" daemon [_thread_in_native, id=137227, stack(0x00000001bba12000,0x00000001bbc12000)]
  0x00007fc04a338800 JavaThread "New I/O worker #358" daemon [_thread_in_native, id=34083, stack(0x00000001bb80f000,0x00000001bba0f000)]
  0x00007fc048fbe800 JavaThread "ForkJoinPool-3-worker-5" daemon [_thread_blocked, id=33067, stack(0x00000001bb209000,0x00000001bb409000)]
  0x00007fc048ec4000 JavaThread "Hashed wheel timer #29" [_thread_blocked, id=134403, stack(0x00000001bae03000,0x00000001bb003000)]
  0x00007fc042d57000 JavaThread "Hashed wheel timer #31" [_thread_blocked, id=133891, stack(0x00000001bac00000,0x00000001bae00000)]
  0x00007fc048acf800 JavaThread "Hashed wheel timer #32" [_thread_blocked, id=133379, stack(0x00000001ba9fd000,0x00000001babfd000)]
  0x00007fc04588e800 JavaThread "New I/O boss #289" [_thread_in_native, id=132867, stack(0x00000001ba7fa000,0x00000001ba9fa000)]
  0x00007fc0458a1000 JavaThread "New I/O worker #288" daemon [_thread_in_native, id=132355, stack(0x00000001ba5f7000,0x00000001ba7f7000)]
  0x00007fc04589e800 JavaThread "New I/O worker #287" daemon [_thread_in_native, id=131843, stack(0x00000001ba3f4000,0x00000001ba5f4000)]
  0x00007fc045a57000 JavaThread "New I/O worker #286" daemon [_thread_in_native, id=131331, stack(0x00000001ba1f1000,0x00000001ba3f1000)]
  0x00007fc045a54800 JavaThread "New I/O worker #285" daemon [_thread_in_native, id=130819, stack(0x00000001b9fee000,0x00000001ba1ee000)]
  0x00007fc04581f000 JavaThread "New I/O worker #284" daemon [_thread_in_native, id=130307, stack(0x00000001b9deb000,0x00000001b9feb000)]
  0x00007fc0458f7000 JavaThread "New I/O worker #283" daemon [_thread_in_native, id=129795, stack(0x00000001b9be8000,0x00000001b9de8000)]
  0x00007fc045836800 JavaThread "New I/O worker #282" daemon [_thread_in_native, id=129283, stack(0x00000001b99e5000,0x00000001b9be5000)]
  0x00007fc045835800 JavaThread "New I/O worker #281" daemon [_thread_in_native, id=128771, stack(0x00000001b97e2000,0x00000001b99e2000)]
  0x00007fc045835000 JavaThread "New I/O worker #280" daemon [_thread_in_native, id=128259, stack(0x00000001b95df000,0x00000001b97df000)]
  0x00007fc045832000 JavaThread "New I/O worker #279" daemon [_thread_in_native, id=127747, stack(0x00000001b93dc000,0x00000001b95dc000)]
  0x00007fc045e13000 JavaThread "New I/O worker #278" daemon [_thread_in_native, id=127235, stack(0x00000001b91d9000,0x00000001b93d9000)]
  0x00007fc045ad0000 JavaThread "New I/O worker #277" daemon [_thread_in_native, id=126723, stack(0x00000001b8fd6000,0x00000001b91d6000)]
  0x00007fc045acf800 JavaThread "New I/O worker #276" daemon [_thread_in_native, id=126211, stack(0x00000001b8dd3000,0x00000001b8fd3000)]
  0x00007fc0408f1000 JavaThread "New I/O worker #275" daemon [_thread_in_native, id=125699, stack(0x00000001b8bd0000,0x00000001b8dd0000)]
  0x00007fc040c8c000 JavaThread "New I/O worker #274" daemon [_thread_in_native, id=125187, stack(0x00000001b89cd000,0x00000001b8bcd000)]
  0x00007fc040c8b800 JavaThread "New I/O worker #273" daemon [_thread_in_native, id=124675, stack(0x00000001b87ca000,0x00000001b89ca000)]
  0x00007fc045bf4000 JavaThread "Hashed wheel timer #30" [_thread_blocked, id=124163, stack(0x00000001b85c7000,0x00000001b87c7000)]
  0x00007fc045e33000 JavaThread "New I/O boss #272" [_thread_in_native, id=123651, stack(0x00000001b83c4000,0x00000001b85c4000)]
  0x00007fc045beb000 JavaThread "New I/O worker #271" daemon [_thread_in_native, id=123139, stack(0x00000001b81c1000,0x00000001b83c1000)]
  0x00007fc045fa4800 JavaThread "New I/O worker #270" daemon [_thread_in_native, id=122627, stack(0x00000001b7fbe000,0x00000001b81be000)]
  0x00007fc042d56800 JavaThread "New I/O worker #269" daemon [_thread_in_native, id=122115, stack(0x00000001b7dbb000,0x00000001b7fbb000)]
  0x00007fc0473a1800 JavaThread "New I/O worker #268" daemon [_thread_in_native, id=121603, stack(0x00000001b7bb8000,0x00000001b7db8000)]
  0x00007fc04739f000 JavaThread "New I/O worker #267" daemon [_thread_in_native, id=121091, stack(0x00000001b79b5000,0x00000001b7bb5000)]
  0x00007fc042ba4800 JavaThread "New I/O worker #266" daemon [_thread_in_native, id=120579, stack(0x00000001b77b2000,0x00000001b79b2000)]
  0x00007fc042ba4000 JavaThread "New I/O worker #265" daemon [_thread_in_native, id=120067, stack(0x00000001b75af000,0x00000001b77af000)]
  0x00007fc041d29800 JavaThread "New I/O worker #264" daemon [_thread_in_native, id=119555, stack(0x00000001b73ac000,0x00000001b75ac000)]
  0x00007fc041d28800 JavaThread "New I/O worker #263" daemon [_thread_in_native, id=119043, stack(0x00000001b71a9000,0x00000001b73a9000)]
  0x00007fc047423800 JavaThread "New I/O worker #262" daemon [_thread_in_native, id=118531, stack(0x00000001b6fa6000,0x00000001b71a6000)]
  0x00007fc042888000 JavaThread "New I/O worker #261" daemon [_thread_in_native, id=118019, stack(0x00000001b6da3000,0x00000001b6fa3000)]
  0x00007fc042fdb800 JavaThread "New I/O worker #260" daemon [_thread_in_native, id=117507, stack(0x00000001b6ba0000,0x00000001b6da0000)]
  0x00007fc0419b5800 JavaThread "New I/O worker #259" daemon [_thread_in_native, id=116995, stack(0x00000001b699d000,0x00000001b6b9d000)]
  0x00007fc042fc3800 JavaThread "New I/O worker #258" daemon [_thread_in_native, id=116483, stack(0x00000001b679a000,0x00000001b699a000)]
  0x00007fc048766000 JavaThread "New I/O worker #257" daemon [_thread_in_native, id=115971, stack(0x00000001b6597000,0x00000001b6797000)]
  0x00007fc041ff2800 JavaThread "New I/O worker #256" daemon [_thread_in_native, id=59171, stack(0x00000001b6394000,0x00000001b6594000)]
  0x00007fc048ace800 JavaThread "Hashed wheel timer #25" [_thread_blocked, id=115459, stack(0x00000001b6191000,0x00000001b6391000)]
  0x00007fc04750d800 JavaThread "Hashed wheel timer #28" [_thread_blocked, id=114947, stack(0x00000001b5f8e000,0x00000001b618e000)]
  0x00007fc047611000 JavaThread "New I/O boss #255" [_thread_in_native, id=114435, stack(0x00000001b5d8b000,0x00000001b5f8b000)]
  0x00007fc041e48800 JavaThread "New I/O worker #254" daemon [_thread_in_native, id=113923, stack(0x00000001b5b88000,0x00000001b5d88000)]
  0x00007fc042f53000 JavaThread "New I/O worker #253" daemon [_thread_in_native, id=113411, stack(0x00000001b5985000,0x00000001b5b85000)]
  0x00007fc042cd0800 JavaThread "New I/O worker #252" daemon [_thread_in_native, id=112899, stack(0x00000001b5782000,0x00000001b5982000)]
  0x00007fc042fc5000 JavaThread "New I/O worker #251" daemon [_thread_in_native, id=112387, stack(0x00000001b557f000,0x00000001b577f000)]
  0x00007fc045a18000 JavaThread "New I/O worker #250" daemon [_thread_in_native, id=111875, stack(0x00000001b537c000,0x00000001b557c000)]
  0x00007fc045a17800 JavaThread "New I/O worker #249" daemon [_thread_in_native, id=111363, stack(0x00000001b5179000,0x00000001b5379000)]
  0x00007fc045eb3800 JavaThread "New I/O worker #248" daemon [_thread_in_native, id=110851, stack(0x00000001b4f76000,0x00000001b5176000)]
  0x00007fc04582f000 JavaThread "New I/O worker #247" daemon [_thread_in_native, id=110339, stack(0x00000001b4d73000,0x00000001b4f73000)]
  0x00007fc040d3a000 JavaThread "New I/O worker #246" daemon [_thread_in_native, id=109827, stack(0x00000001b4b70000,0x00000001b4d70000)]
  0x00007fc040d39000 JavaThread "New I/O worker #245" daemon [_thread_in_native, id=109315, stack(0x00000001b496d000,0x00000001b4b6d000)]
  0x00007fc040ff7000 JavaThread "New I/O worker #244" daemon [_thread_in_native, id=108803, stack(0x00000001b476a000,0x00000001b496a000)]
  0x00007fc040ff6800 JavaThread "New I/O worker #243" daemon [_thread_in_native, id=108291, stack(0x00000001b4567000,0x00000001b4767000)]
  0x00007fc048ace000 JavaThread "New I/O worker #242" daemon [_thread_in_native, id=107779, stack(0x00000001b4364000,0x00000001b4564000)]
  0x00007fc0488c9800 JavaThread "New I/O worker #241" daemon [_thread_in_native, id=107267, stack(0x00000001b4161000,0x00000001b4361000)]
  0x00007fc0488c6800 JavaThread "New I/O worker #240" daemon [_thread_in_native, id=106755, stack(0x00000001b3f5e000,0x00000001b415e000)]
  0x00007fc048fab000 JavaThread "New I/O worker #239" daemon [_thread_in_native, id=106243, stack(0x00000001b3d5b000,0x00000001b3f5b000)]
  0x00007fc048faa800 JavaThread "Hashed wheel timer #26" [_thread_blocked, id=105731, stack(0x00000001b3b58000,0x00000001b3d58000)]
  0x00007fc048fa9800 JavaThread "New I/O boss #238" [_thread_in_native, id=105219, stack(0x00000001b3955000,0x00000001b3b55000)]
  0x00007fc048fa7000 JavaThread "New I/O worker #237" daemon [_thread_in_native, id=104707, stack(0x00000001b3752000,0x00000001b3952000)]
  0x00007fc048fa4000 JavaThread "New I/O worker #236" daemon [_thread_in_native, id=104195, stack(0x00000001b354f000,0x00000001b374f000)]
  0x00007fc048a8b000 JavaThread "New I/O worker #235" daemon [_thread_in_native, id=103683, stack(0x00000001b334c000,0x00000001b354c000)]
  0x00007fc048a88000 JavaThread "New I/O worker #234" daemon [_thread_in_native, id=103171, stack(0x00000001b3149000,0x00000001b3349000)]
  0x00007fc0467cf800 JavaThread "New I/O worker #233" daemon [_thread_in_native, id=102659, stack(0x00000001b2f46000,0x00000001b3146000)]
  0x00007fc0467cd000 JavaThread "New I/O worker #232" daemon [_thread_in_native, id=102147, stack(0x00000001b2d43000,0x00000001b2f43000)]
  0x00007fc048b3f800 JavaThread "New I/O worker #231" daemon [_thread_in_native, id=101635, stack(0x00000001b2b40000,0x00000001b2d40000)]
  0x00007fc048b3e800 JavaThread "New I/O worker #230" daemon [_thread_in_native, id=101123, stack(0x00000001b293d000,0x00000001b2b3d000)]
  0x00007fc04898d800 JavaThread "New I/O worker #229" daemon [_thread_in_native, id=100615, stack(0x00000001b273a000,0x00000001b293a000)]
  0x00007fc04898c800 JavaThread "New I/O worker #228" daemon [_thread_in_native, id=100107, stack(0x00000001b2537000,0x00000001b2737000)]
  0x00007fc04898c000 JavaThread "New I/O worker #227" daemon [_thread_in_native, id=37907, stack(0x00000001b1fe6000,0x00000001b21e6000)]
  0x00007fc048989000 JavaThread "New I/O worker #226" daemon [_thread_in_native, id=57379, stack(0x00000001b1be3000,0x00000001b1de3000)]
  0x00007fc048986800 JavaThread "New I/O worker #225" daemon [_thread_in_native, id=61979, stack(0x00000001b19e0000,0x00000001b1be0000)]
  0x00007fc046376800 JavaThread "New I/O worker #224" daemon [_thread_in_native, id=33307, stack(0x00000001b17dd000,0x00000001b19dd000)]
  0x00007fc046374000 JavaThread "New I/O worker #223" daemon [_thread_in_native, id=31523, stack(0x00000001a7b17000,0x00000001a7d17000)]
  0x00007fc046732800 JavaThread "New I/O worker #222" daemon [_thread_in_native, id=31275, stack(0x00000001a750e000,0x00000001a770e000)]
  0x00007fc044bb5800 JavaThread "Hashed wheel timer #13" [_thread_blocked, id=98563, stack(0x00000001b15da000,0x00000001b17da000)]
  0x00007fc047719000 JavaThread "Hashed wheel timer #15" [_thread_blocked, id=98051, stack(0x00000001b13d7000,0x00000001b15d7000)]
  0x00007fc0467eb000 JavaThread "Hashed wheel timer #16" [_thread_blocked, id=97539, stack(0x00000001b11d4000,0x00000001b13d4000)]
  0x00007fc048e9f800 JavaThread "New I/O boss #153" [_thread_in_native, id=97027, stack(0x00000001b0fd1000,0x00000001b11d1000)]
  0x00007fc046370800 JavaThread "New I/O worker #152" daemon [_thread_in_native, id=96515, stack(0x00000001b0dce000,0x00000001b0fce000)]
  0x00007fc046370000 JavaThread "New I/O worker #151" daemon [_thread_in_native, id=96003, stack(0x00000001b0bcb000,0x00000001b0dcb000)]
  0x00007fc048d2d000 JavaThread "New I/O worker #150" daemon [_thread_in_native, id=95491, stack(0x00000001b09c8000,0x00000001b0bc8000)]
  0x00007fc048d2c800 JavaThread "New I/O worker #149" daemon [_thread_in_native, id=94979, stack(0x00000001b07c5000,0x00000001b09c5000)]
  0x00007fc048d2b800 JavaThread "New I/O worker #148" daemon [_thread_in_native, id=94467, stack(0x00000001b05c2000,0x00000001b07c2000)]
  0x00007fc048d29000 JavaThread "New I/O worker #147" daemon [_thread_in_native, id=93955, stack(0x00000001b03bf000,0x00000001b05bf000)]
  0x00007fc048d26000 JavaThread "New I/O worker #146" daemon [_thread_in_native, id=93443, stack(0x00000001b01bc000,0x00000001b03bc000)]
  0x00007fc046289800 JavaThread "New I/O worker #145" daemon [_thread_in_native, id=92931, stack(0x00000001affb9000,0x00000001b01b9000)]
  0x00007fc046286800 JavaThread "New I/O worker #144" daemon [_thread_in_native, id=92419, stack(0x00000001afdb6000,0x00000001affb6000)]
  0x00007fc048d21000 JavaThread "New I/O worker #143" daemon [_thread_in_native, id=91907, stack(0x00000001afbb3000,0x00000001afdb3000)]
  0x00007fc048d1e000 JavaThread "New I/O worker #142" daemon [_thread_in_native, id=91395, stack(0x00000001af9b0000,0x00000001afbb0000)]
  0x00007fc048ec5000 JavaThread "New I/O worker #141" daemon [_thread_in_native, id=90883, stack(0x00000001af7ad000,0x00000001af9ad000)]
  0x00007fc0466c2000 JavaThread "New I/O worker #140" daemon [_thread_in_native, id=90371, stack(0x00000001af5aa000,0x00000001af7aa000)]
  0x00007fc0489d5800 JavaThread "New I/O worker #139" daemon [_thread_in_native, id=89859, stack(0x00000001af3a7000,0x00000001af5a7000)]
  0x00007fc0489b0000 JavaThread "New I/O worker #138" daemon [_thread_in_native, id=89347, stack(0x00000001af1a4000,0x00000001af3a4000)]
  0x00007fc04862a000 JavaThread "New I/O worker #137" daemon [_thread_in_native, id=88835, stack(0x00000001aefa1000,0x00000001af1a1000)]
  0x00007fc048629800 JavaThread "Hashed wheel timer #14" [_thread_blocked, id=88323, stack(0x00000001aed9e000,0x00000001aef9e000)]
  0x00007fc048686000 JavaThread "New I/O boss #136" [_thread_in_native, id=87811, stack(0x00000001aeb9b000,0x00000001aed9b000)]
  0x00007fc0481c9000 JavaThread "New I/O worker #135" daemon [_thread_in_native, id=87299, stack(0x00000001ae998000,0x00000001aeb98000)]
  0x00007fc0483ae800 JavaThread "New I/O worker #134" daemon [_thread_in_native, id=86787, stack(0x00000001ae795000,0x00000001ae995000)]
  0x00007fc0484e0000 JavaThread "New I/O worker #133" daemon [_thread_in_native, id=86275, stack(0x00000001ae592000,0x00000001ae792000)]
  0x00007fc044c33800 JavaThread "New I/O worker #132" daemon [_thread_in_native, id=85763, stack(0x00000001ae38f000,0x00000001ae58f000)]
  0x00007fc04580e800 JavaThread "New I/O worker #131" daemon [_thread_in_native, id=85251, stack(0x00000001ae18c000,0x00000001ae38c000)]
  0x00007fc04580d800 JavaThread "New I/O worker #130" daemon [_thread_in_native, id=84739, stack(0x00000001adf89000,0x00000001ae189000)]
  0x00007fc04580d000 JavaThread "New I/O worker #129" daemon [_thread_in_native, id=84227, stack(0x00000001add86000,0x00000001adf86000)]
  0x00007fc04580a000 JavaThread "New I/O worker #128" daemon [_thread_in_native, id=83715, stack(0x00000001adb83000,0x00000001add83000)]
  0x00007fc040d5d000 JavaThread "New I/O worker #127" daemon [_thread_in_native, id=83203, stack(0x00000001ad980000,0x00000001adb80000)]
  0x00007fc040d5a800 JavaThread "New I/O worker #126" daemon [_thread_in_native, id=82691, stack(0x00000001ad77d000,0x00000001ad97d000)]
  0x00007fc040f20800 JavaThread "New I/O worker #125" daemon [_thread_in_native, id=82179, stack(0x00000001ad57a000,0x00000001ad77a000)]
  0x00007fc045b1a800 JavaThread "New I/O worker #124" daemon [_thread_in_native, id=81667, stack(0x00000001ad377000,0x00000001ad577000)]
  0x00007fc045b1a000 JavaThread "New I/O worker #123" daemon [_thread_in_native, id=81155, stack(0x00000001ad174000,0x00000001ad374000)]
  0x00007fc040a3b000 JavaThread "New I/O worker #122" daemon [_thread_in_native, id=80643, stack(0x00000001acf71000,0x00000001ad171000)]
  0x00007fc040a3a800 JavaThread "New I/O worker #121" daemon [_thread_in_native, id=80131, stack(0x00000001acd6e000,0x00000001acf6e000)]
  0x00007fc045e4f800 JavaThread "New I/O worker #120" daemon [_thread_in_native, id=79619, stack(0x00000001acb6b000,0x00000001acd6b000)]
  0x00007fc040d1e000 JavaThread "Hashed wheel timer #9" [_thread_blocked, id=79107, stack(0x00000001ac968000,0x00000001acb68000)]
  0x00007fc045e96000 JavaThread "Hashed wheel timer #12" [_thread_blocked, id=78595, stack(0x00000001ac765000,0x00000001ac965000)]
  0x00007fc04879f000 JavaThread "New I/O boss #119" [_thread_in_native, id=78083, stack(0x00000001ac562000,0x00000001ac762000)]
  0x00007fc044a54800 JavaThread "New I/O worker #118" daemon [_thread_in_native, id=77571, stack(0x00000001ac35f000,0x00000001ac55f000)]
  0x00007fc045de6000 JavaThread "New I/O worker #117" daemon [_thread_in_native, id=77059, stack(0x00000001ac15c000,0x00000001ac35c000)]
  0x00007fc04429b800 JavaThread "New I/O worker #116" daemon [_thread_in_native, id=76547, stack(0x00000001abf59000,0x00000001ac159000)]
  0x00007fc045ad4000 JavaThread "New I/O worker #115" daemon [_thread_in_native, id=76035, stack(0x00000001abd56000,0x00000001abf56000)]
  0x00007fc044c1e800 JavaThread "New I/O worker #114" daemon [_thread_in_native, id=75523, stack(0x00000001abb53000,0x00000001abd53000)]
  0x00007fc0489ac800 JavaThread "New I/O worker #113" daemon [_thread_in_native, id=75011, stack(0x00000001ab950000,0x00000001abb50000)]
  0x00007fc041b85800 JavaThread "New I/O worker #112" daemon [_thread_in_native, id=74499, stack(0x00000001ab74d000,0x00000001ab94d000)]
  0x00007fc041b85000 JavaThread "New I/O worker #111" daemon [_thread_in_native, id=73987, stack(0x00000001ab54a000,0x00000001ab74a000)]
  0x00007fc041dfb000 JavaThread "New I/O worker #110" daemon [_thread_in_native, id=73475, stack(0x00000001ab347000,0x00000001ab547000)]
  0x00007fc041dfa000 JavaThread "New I/O worker #109" daemon [_thread_in_native, id=72963, stack(0x00000001ab144000,0x00000001ab344000)]
  0x00007fc041ce3000 JavaThread "New I/O worker #108" daemon [_thread_in_native, id=72451, stack(0x00000001aaf41000,0x00000001ab141000)]
  0x00007fc0422c6000 JavaThread "New I/O worker #107" daemon [_thread_in_native, id=71939, stack(0x00000001aad3e000,0x00000001aaf3e000)]
  0x00007fc0424f7800 JavaThread "New I/O worker #106" daemon [_thread_in_native, id=71427, stack(0x00000001aab3b000,0x00000001aad3b000)]
  0x00007fc04258d000 JavaThread "New I/O worker #105" daemon [_thread_in_native, id=70915, stack(0x00000001aa938000,0x00000001aab38000)]
  0x00007fc042031800 JavaThread "New I/O worker #104" daemon [_thread_in_native, id=70403, stack(0x00000001aa735000,0x00000001aa935000)]
  0x00007fc045de5800 JavaThread "New I/O worker #103" daemon [_thread_in_native, id=69891, stack(0x00000001aa532000,0x00000001aa732000)]
  0x00007fc047722800 JavaThread "Hashed wheel timer #10" [_thread_blocked, id=69379, stack(0x00000001aa32f000,0x00000001aa52f000)]
  0x00007fc0460b7800 JavaThread "New I/O boss #102" [_thread_in_native, id=68867, stack(0x00000001aa12c000,0x00000001aa32c000)]
  0x00007fc0460b6800 JavaThread "New I/O worker #101" daemon [_thread_in_native, id=68355, stack(0x00000001a9f29000,0x00000001aa129000)]
  0x00007fc04667e000 JavaThread "New I/O worker #100" daemon [_thread_in_native, id=67843, stack(0x00000001a9d26000,0x00000001a9f26000)]
  0x00007fc048b93000 JavaThread "New I/O worker #99" daemon [_thread_in_native, id=67331, stack(0x00000001a9b23000,0x00000001a9d23000)]
  0x00007fc04667d000 JavaThread "New I/O worker #98" daemon [_thread_in_native, id=66819, stack(0x00000001a9920000,0x00000001a9b20000)]
  0x00007fc046380000 JavaThread "New I/O worker #97" daemon [_thread_in_native, id=66307, stack(0x00000001a971d000,0x00000001a991d000)]
  0x00007fc0463eb800 JavaThread "New I/O worker #96" daemon [_thread_in_native, id=65795, stack(0x00000001a951a000,0x00000001a971a000)]
  0x00007fc0463eb000 JavaThread "New I/O worker #95" daemon [_thread_in_native, id=65283, stack(0x00000001a9317000,0x00000001a9517000)]
  0x00007fc046674800 JavaThread "New I/O worker #94" daemon [_thread_in_native, id=64771, stack(0x00000001a9114000,0x00000001a9314000)]
  0x00007fc046674000 JavaThread "New I/O worker #93" daemon [_thread_in_native, id=64259, stack(0x00000001a8f11000,0x00000001a9111000)]
  0x00007fc04609d000 JavaThread "New I/O worker #92" daemon [_thread_in_native, id=63747, stack(0x00000001a8d0e000,0x00000001a8f0e000)]
  0x00007fc04880a800 JavaThread "New I/O worker #91" daemon [_thread_in_native, id=63235, stack(0x00000001a8b0b000,0x00000001a8d0b000)]
  0x00007fc04602d000 JavaThread "New I/O worker #90" daemon [_thread_in_native, id=62723, stack(0x00000001a8908000,0x00000001a8b08000)]
  0x00007fc0460ec000 JavaThread "New I/O worker #89" daemon [_thread_in_native, id=57607, stack(0x00000001a8705000,0x00000001a8905000)]
  0x00007fc046c28800 JavaThread "New I/O worker #88" daemon [_thread_in_native, id=58887, stack(0x00000001a8502000,0x00000001a8702000)]
  0x00007fc044865000 JavaThread "New I/O worker #87" daemon [_thread_in_native, id=57095, stack(0x00000001a46d8000,0x00000001a48d8000)]
  0x00007fc042af2000 JavaThread "New I/O worker #86" daemon [_thread_in_native, id=60183, stack(0x00000001a3161000,0x00000001a3361000)]
  0x00007fc044c20800 JavaThread "Timer-0" daemon [_thread_blocked, id=32787, stack(0x000000019cb2f000,0x000000019cd2f000)]
  0x00007fc0485b4000 JavaThread "ForkJoinPool-3-worker-7" daemon [_thread_blocked, id=29195, stack(0x000000019b8ff000,0x000000019baff000)]
  0x00007fc046734000 JavaThread "FSEvent thread" daemon [_thread_in_native, id=34307, stack(0x000000019bf26000,0x000000019c126000)]
  0x00007fc045aec000 JavaThread "sbt-web-akka.actor.default-dispatcher-3" [_thread_blocked, id=32015, stack(0x0000000199c8a000,0x0000000199e8a000)]
  0x00007fc046369000 JavaThread "sbt-web-scheduler-1" [_thread_blocked, id=21003, stack(0x0000000199684000,0x0000000199884000)]
  0x00007fc0418a6000 JavaThread "Service Thread" daemon [_thread_blocked, id=28163, stack(0x0000000196af3000,0x0000000196cf3000)]
  0x00007fc0418a3800 JavaThread "C1 CompilerThread3" daemon [_thread_blocked, id=27651, stack(0x00000001969f0000,0x0000000196af0000)]
  0x00007fc04083b000 JavaThread "C2 CompilerThread2" daemon [_thread_blocked, id=27139, stack(0x00000001968ed000,0x00000001969ed000)]
  0x00007fc04083a800 JavaThread "C2 CompilerThread1" daemon [_thread_blocked, id=26627, stack(0x00000001967ea000,0x00000001968ea000)]
  0x00007fc040831000 JavaThread "C2 CompilerThread0" daemon [_thread_blocked, id=26115, stack(0x00000001966e7000,0x00000001967e7000)]
  0x00007fc040830800 JavaThread "Signal Dispatcher" daemon [_thread_blocked, id=25603, stack(0x00000001964e4000,0x00000001966e4000)]
  0x00007fc04082f800 JavaThread "Surrogate Locker Thread (Concurrent GC)" daemon [_thread_blocked, id=24115, stack(0x00000001962e1000,0x00000001964e1000)]
  0x00007fc0418ca800 JavaThread "Finalizer" daemon [_thread_blocked, id=20483, stack(0x0000000195f92000,0x0000000196192000)]
  0x00007fc0418ca000 JavaThread "Reference Handler" daemon [_thread_blocked, id=19971, stack(0x0000000195d8f000,0x0000000195f8f000)]
  0x00007fc041807000 JavaThread "main" [_thread_blocked, id=3847, stack(0x0000000107fde000,0x00000001081de000)]

Other Threads:
  0x00007fc0418c7800 VMThread [stack: 0x0000000195c8c000,0x0000000195d8c000] [id=19459]
  0x00007fc0418a7000 WatcherThread [stack: 0x0000000196cf6000,0x0000000196df6000] [id=28675]

VM state:not at safepoint (normal execution)

VM Mutex/Monitor currently owned by a thread: None

Heap:
 par new generation   total 314560K, used 216704K [0x0000000111000000, 0x0000000126550000, 0x0000000126550000)
  eden space 279616K,  67% used [0x0000000111000000, 0x000000011c7d4350, 0x0000000122110000)
  from space 34944K,  81% used [0x0000000122110000, 0x0000000123cdbdc8, 0x0000000124330000)
  to   space 34944K,   0% used [0x0000000124330000, 0x0000000124330000, 0x0000000126550000)
 concurrent mark-sweep generation total 699072K, used 318552K [0x0000000126550000, 0x0000000151000000, 0x0000000151000000)
 Metaspace       used 225360K, capacity 227091K, committed 246516K, reserved 1255424K
  class space    used 36421K, capacity 36909K, committed 41820K, reserved 1048576K

Card table byte_map: [0x0000000151000000,0x0000000151201000] byte_map_base: 0x0000000150778000

Marking Bits: (CMSBitMap*) 0x00007fc041878d48
 Bits: [0x0000000151a57000, 0x0000000152501c00)

Mod Union Table: (CMSBitMap*) 0x00007fc041878e08
 Bits: [0x0000000110dd0000, 0x0000000110dfaab0)

Polling page: 0x0000000108222000

CodeCache: size=131072Kb used=65526Kb max_used=124597Kb free=65545Kb
 bounds [0x00000001082b8000, 0x000000010fd48000, 0x00000001102b8000]
 total_blobs=21045 nmethods=20417 adapters=531
 compilation: enabled

Compilation events (10 events):
Event: 8202.054 Thread 0x00007fc0418a3800 53045       3       java.lang.SecurityManager::checkConnect (117 bytes)
Event: 8202.056 Thread 0x00007fc0418a3800 nmethod 53045 0x0000000109410ed0 code [0x0000000109411240, 0x0000000109412e08]
Event: 8202.056 Thread 0x00007fc0418a3800 53044       3       java.net.SocketPermission::parsePort (166 bytes)
Event: 8202.057 Thread 0x00007fc0418a3800 nmethod 53044 0x0000000108c0fd90 code [0x0000000108c0ffe0, 0x0000000108c10dc8]
Event: 8202.057 Thread 0x00007fc040831000 53047       4       java.nio.CharBuffer::allocate (22 bytes)
Event: 8202.057 Thread 0x00007fc0418a3800 53046       3       sun.nio.cs.US_ASCII$Decoder::decode (62 bytes)
Event: 8202.057 Thread 0x00007fc04083b000 53048   !   4       java.lang.ref.ReferenceQueue::poll (28 bytes)
Event: 8202.058 Thread 0x00007fc0418a3800 nmethod 53046 0x00000001099c93d0 code [0x00000001099c9560, 0x00000001099c98d0]
Event: 8202.060 Thread 0x00007fc040831000 nmethod 53047 0x000000010a691e90 code [0x000000010a691fe0, 0x000000010a692198]
Event: 8202.060 Thread 0x00007fc04083b000 nmethod 53048 0x0000000109a2a290 code [0x0000000109a2a3e0, 0x0000000109a2a6f8]

GC Heap History (10 events):
Event: 7761.918 GC heap before
{Heap before GC invocations=59 (full 4):
 par new generation   total 314560K, used 310549K [0x0000000111000000, 0x0000000126550000, 0x0000000126550000)
  eden space 279616K, 100% used [0x0000000111000000, 0x0000000122110000, 0x0000000122110000)
  from space 34944K,  88% used [0x0000000124330000, 0x0000000126165560, 0x0000000126550000)
  to   space 34944K,   0% used [0x0000000122110000, 0x0000000122110000, 0x0000000124330000)
 concurrent mark-sweep generation total 699072K, used 520119K [0x0000000126550000, 0x0000000151000000, 0x0000000151000000)
 Metaspace       used 243487K, capacity 245334K, committed 245748K, reserved 1255424K
  class space    used 38959K, capacity 39475K, committed 39516K, reserved 1048576K
Event: 7762.021 GC heap after
Heap after GC invocations=60 (full 4):
 par new generation   total 314560K, used 34944K [0x0000000111000000, 0x0000000126550000, 0x0000000126550000)
  eden space 279616K,   0% used [0x0000000111000000, 0x0000000111000000, 0x0000000122110000)
  from space 34944K, 100% used [0x0000000122110000, 0x0000000124330000, 0x0000000124330000)
  to   space 34944K,   0% used [0x0000000124330000, 0x0000000124330000, 0x0000000126550000)
 concurrent mark-sweep generation total 699072K, used 549313K [0x0000000126550000, 0x0000000151000000, 0x0000000151000000)
 Metaspace       used 243487K, capacity 245334K, committed 245748K, reserved 1255424K
  class space    used 38959K, capacity 39475K, committed 39516K, reserved 1048576K
}
Event: 7766.592 GC heap before
{Heap before GC invocations=60 (full 4):
 par new generation   total 314560K, used 314560K [0x0000000111000000, 0x0000000126550000, 0x0000000126550000)
  eden space 279616K, 100% used [0x0000000111000000, 0x0000000122110000, 0x0000000122110000)
  from space 34944K, 100% used [0x0000000122110000, 0x0000000124330000, 0x0000000124330000)
  to   space 34944K,   0% used [0x0000000124330000, 0x0000000124330000, 0x0000000126550000)
 concurrent mark-sweep generation total 699072K, used 549313K [0x0000000126550000, 0x0000000151000000, 0x0000000151000000)
 Metaspace       used 244134K, capacity 246006K, committed 246260K, reserved 1257472K
  class space    used 38987K, capacity 39507K, committed 39516K, reserved 1048576K
Event: 7766.673 GC heap after
Heap after GC invocations=61 (full 4):
 par new generation   total 314560K, used 32198K [0x0000000111000000, 0x0000000126550000, 0x0000000126550000)
  eden space 279616K,   0% used [0x0000000111000000, 0x0000000111000000, 0x0000000122110000)
  from space 34944K,  92% used [0x0000000124330000, 0x00000001262a1b18, 0x0000000126550000)
  to   space 34944K,   0% used [0x0000000122110000, 0x0000000122110000, 0x0000000124330000)
 concurrent mark-sweep generation total 699072K, used 584238K [0x0000000126550000, 0x0000000151000000, 0x0000000151000000)
 Metaspace       used 244134K, capacity 246006K, committed 246260K, reserved 1257472K
  class space    used 38987K, capacity 39507K, committed 39516K, reserved 1048576K
}
Event: 7771.930 GC heap before
{Heap before GC invocations=61 (full 4):
 par new generation   total 314560K, used 311814K [0x0000000111000000, 0x0000000126550000, 0x0000000126550000)
  eden space 279616K, 100% used [0x0000000111000000, 0x0000000122110000, 0x0000000122110000)
  from space 34944K,  92% used [0x0000000124330000, 0x00000001262a1b18, 0x0000000126550000)
  to   space 34944K,   0% used [0x0000000122110000, 0x0000000122110000, 0x0000000124330000)
 concurrent mark-sweep generation total 699072K, used 584238K [0x0000000126550000, 0x0000000151000000, 0x0000000151000000)
 Metaspace       used 244473K, capacity 246478K, committed 246900K, reserved 1257472K
  class space    used 39037K, capacity 39579K, committed 39644K, reserved 1048576K
Event: 7771.952 GC heap after
Heap after GC invocations=62 (full 4):
 par new generation   total 314560K, used 12253K [0x0000000111000000, 0x0000000126550000, 0x0000000126550000)
  eden space 279616K,   0% used [0x0000000111000000, 0x0000000111000000, 0x0000000122110000)
  from space 34944K,  35% used [0x0000000122110000, 0x0000000122d07430, 0x0000000124330000)
  to   space 34944K,   0% used [0x0000000124330000, 0x0000000124330000, 0x0000000126550000)
 concurrent mark-sweep generation total 699072K, used 584238K [0x0000000126550000, 0x0000000151000000, 0x0000000151000000)
 Metaspace       used 244473K, capacity 246478K, committed 246900K, reserved 1257472K
  class space    used 39037K, capacity 39579K, committed 39644K, reserved 1048576K
}
Event: 8196.119 GC heap before
{Heap before GC invocations=62 (full 4):
 par new generation   total 314560K, used 291869K [0x0000000111000000, 0x0000000126550000, 0x0000000126550000)
  eden space 279616K, 100% used [0x0000000111000000, 0x0000000122110000, 0x0000000122110000)
  from space 34944K,  35% used [0x0000000122110000, 0x0000000122d07430, 0x0000000124330000)
  to   space 34944K,   0% used [0x0000000124330000, 0x0000000124330000, 0x0000000126550000)
 concurrent mark-sweep generation total 699072K, used 584238K [0x0000000126550000, 0x0000000151000000, 0x0000000151000000)
 Metaspace       used 251676K, capacity 253756K, committed 253940K, reserved 1263616K
  class space    used 40386K, capacity 40976K, committed 41052K, reserved 1048576K
Event: 8196.210 GC heap after
Heap after GC invocations=63 (full 4):
 par new generation   total 314560K, used 34944K [0x0000000111000000, 0x0000000126550000, 0x0000000126550000)
  eden space 279616K,   0% used [0x0000000111000000, 0x0000000111000000, 0x0000000122110000)
  from space 34944K, 100% used [0x0000000124330000, 0x0000000126550000, 0x0000000126550000)
  to   space 34944K,   0% used [0x0000000122110000, 0x0000000122110000, 0x0000000124330000)
 concurrent mark-sweep generation total 699072K, used 623712K [0x0000000126550000, 0x0000000151000000, 0x0000000151000000)
 Metaspace       used 251676K, capacity 253756K, committed 253940K, reserved 1263616K
  class space    used 40386K, capacity 40976K, committed 41052K, reserved 1048576K
}
Event: 8198.260 GC heap before
{Heap before GC invocations=63 (full 5):
 par new generation   total 314560K, used 314392K [0x0000000111000000, 0x0000000126550000, 0x0000000126550000)
  eden space 279616K,  99% used [0x0000000111000000, 0x00000001220e60c0, 0x0000000122110000)
  from space 34944K, 100% used [0x0000000124330000, 0x0000000126550000, 0x0000000126550000)
  to   space 34944K,   0% used [0x0000000122110000, 0x0000000122110000, 0x0000000124330000)
 concurrent mark-sweep generation total 699072K, used 623712K [0x0000000126550000, 0x0000000151000000, 0x0000000151000000)
 Metaspace       used 252309K, capacity 254484K, committed 254580K, reserved 1263616K
  class space    used 40573K, capacity 41172K, committed 41180K, reserved 1048576K
Event: 8198.363 GC heap after
Heap after GC invocations=64 (full 5):
 par new generation   total 314560K, used 28463K [0x0000000111000000, 0x0000000126550000, 0x0000000126550000)
  eden space 279616K,   0% used [0x0000000111000000, 0x0000000111000000, 0x0000000122110000)
  from space 34944K,  81% used [0x0000000122110000, 0x0000000123cdbdc8, 0x0000000124330000)
  to   space 34944K,   0% used [0x0000000124330000, 0x0000000124330000, 0x0000000126550000)
 concurrent mark-sweep generation total 699072K, used 657762K [0x0000000126550000, 0x0000000151000000, 0x0000000151000000)
 Metaspace       used 252309K, capacity 254484K, committed 254580K, reserved 1263616K
  class space    used 40573K, capacity 41172K, committed 41180K, reserved 1048576K
}

Deoptimization events (10 events):
Event: 8198.081 Thread 0x00007fc04ce72000 Uncommon trap: reason=unreached action=reinterpret pc=0x000000010dd37ec0 method=scala.tools.nsc.backend.jvm.BCodeAsmCommon.delambdafyInline()Lscala/tools/nsc/backend/jvm/BCodeAsmCommon$delambdafyInline$; @ 4
Event: 8198.092 Thread 0x00007fc04ce72000 Uncommon trap: reason=class_check action=maybe_recompile pc=0x000000010f10ab10 method=scala.collection.MapLike$class.keys(Lscala/collection/MapLike;)Lscala/collection/Iterable; @ 1
Event: 8199.833 Thread 0x00007fc04d9fb800 Uncommon trap: reason=class_check action=maybe_recompile pc=0x0000000108e3638c method=java.util.Collections$UnmodifiableMap.isEmpty()Z @ 4
Event: 8200.031 Thread 0x00007fc04d9fb800 Uncommon trap: reason=class_check action=maybe_recompile pc=0x0000000108e3638c method=java.util.Collections$UnmodifiableMap.isEmpty()Z @ 4
Event: 8200.063 Thread 0x00007fc04d9fb800 Uncommon trap: reason=class_check action=maybe_recompile pc=0x0000000108e3638c method=java.util.Collections$UnmodifiableMap.isEmpty()Z @ 4
Event: 8200.226 Thread 0x00007fc04d9fb800 Uncommon trap: reason=unreached action=reinterpret pc=0x000000010a5a3844 method=java.text.SimpleDateFormat.compile(Ljava/lang/String;)[C @ 177
Event: 8200.756 Thread 0x00007fc045c0c000 Uncommon trap: reason=class_check action=maybe_recompile pc=0x000000010939d76c method=com.typesafe.config.impl.Tokenizer$TokenIterator.nextCharRaw()I @ 14
Event: 8200.756 Thread 0x00007fc045c0c000 Uncommon trap: reason=class_check action=maybe_recompile pc=0x000000010939d76c method=com.typesafe.config.impl.Tokenizer$TokenIterator.nextCharRaw()I @ 14
Event: 8200.756 Thread 0x00007fc045c0c000 Uncommon trap: reason=class_check action=maybe_recompile pc=0x000000010939d76c method=com.typesafe.config.impl.Tokenizer$TokenIterator.nextCharRaw()I @ 14
Event: 8200.756 Thread 0x00007fc045c0c000 Uncommon trap: reason=class_check action=maybe_recompile pc=0x000000010939d76c method=com.typesafe.config.impl.Tokenizer$TokenIterator.nextCharRaw()I @ 14

Internal exceptions (10 events):
Event: 8202.089 Thread 0x00007fc0489e9000 Exception <a 'java/security/PrivilegedActionException'> (0x000000011c6ee3d8) thrown at [/Users/java_re/workspace/8-2-build-macosx-x86_64/jdk8u31/2394/hotspot/src/share/vm/prims/jvm.cpp, line 1312]
Event: 8202.089 Thread 0x00007fc0489e9000 Exception <a 'java/security/PrivilegedActionException'> (0x000000011c6efc20) thrown at [/Users/java_re/workspace/8-2-build-macosx-x86_64/jdk8u31/2394/hotspot/src/share/vm/prims/jvm.cpp, line 1312]
Event: 8202.089 Thread 0x00007fc0489e9000 Exception <a 'java/security/PrivilegedActionException'> (0x000000011c6f1b40) thrown at [/Users/java_re/workspace/8-2-build-macosx-x86_64/jdk8u31/2394/hotspot/src/share/vm/prims/jvm.cpp, line 1312]
Event: 8202.090 Thread 0x00007fc0489e9000 Exception <a 'java/security/PrivilegedActionException'> (0x000000011c709980) thrown at [/Users/java_re/workspace/8-2-build-macosx-x86_64/jdk8u31/2394/hotspot/src/share/vm/prims/jvm.cpp, line 1312]
Event: 8202.090 Thread 0x00007fc0489e9000 Exception <a 'java/security/PrivilegedActionException'> (0x000000011c70f908) thrown at [/Users/java_re/workspace/8-2-build-macosx-x86_64/jdk8u31/2394/hotspot/src/share/vm/prims/jvm.cpp, line 1312]
Event: 8202.090 Thread 0x00007fc0489e9000 Exception <a 'java/security/PrivilegedActionException'> (0x000000011c710fb8) thrown at [/Users/java_re/workspace/8-2-build-macosx-x86_64/jdk8u31/2394/hotspot/src/share/vm/prims/jvm.cpp, line 1312]
Event: 8202.090 Thread 0x00007fc0489e9000 Exception <a 'java/security/PrivilegedActionException'> (0x000000011c711e40) thrown at [/Users/java_re/workspace/8-2-build-macosx-x86_64/jdk8u31/2394/hotspot/src/share/vm/prims/jvm.cpp, line 1312]
Event: 8202.091 Thread 0x00007fc0489e9000 Exception <a 'java/security/PrivilegedActionException'> (0x000000011c71d0d8) thrown at [/Users/java_re/workspace/8-2-build-macosx-x86_64/jdk8u31/2394/hotspot/src/share/vm/prims/jvm.cpp, line 1312]
Event: 8202.092 Thread 0x00007fc0489e9000 Exception <a 'java/security/PrivilegedActionException'> (0x000000011c797d60) thrown at [/Users/java_re/workspace/8-2-build-macosx-x86_64/jdk8u31/2394/hotspot/src/share/vm/prims/jvm.cpp, line 1312]
Event: 8202.093 Thread 0x00007fc0489e9000 Exception <a 'java/security/PrivilegedActionException'> (0x000000011c7a47e8) thrown at [/Users/java_re/workspace/8-2-build-macosx-x86_64/jdk8u31/2394/hotspot/src/share/vm/prims/jvm.cpp, line 1312]

Events (10 events):
Event: 8202.090 loading class org/jboss/virtual/VFS
Event: 8202.090 loading class org/jboss/virtual/VFS done
Event: 8202.090 loading class org/flywaydb/core/internal/util/scanner/classpath/DefaultUrlResolver
Event: 8202.090 loading class org/flywaydb/core/internal/util/scanner/classpath/DefaultUrlResolver done
Event: 8202.091 loading class org/flywaydb/core/internal/util/scanner/classpath/JarFileClassPathLocationScanner
Event: 8202.091 loading class org/flywaydb/core/internal/util/scanner/classpath/JarFileClassPathLocationScanner done
Event: 8202.092 loading class org/flywaydb/core/internal/dbsupport/SqlScript
Event: 8202.092 loading class org/flywaydb/core/internal/dbsupport/SqlScript done
Event: 8202.093 loading class org/flywaydb/core/internal/dbsupport/FlywaySqlScriptException
Event: 8202.093 loading class org/flywaydb/core/internal/dbsupport/FlywaySqlScriptException done


Dynamic libraries:
0x00000000069bc000 	/System/Library/Frameworks/Cocoa.framework/Versions/A/Cocoa
0x00000000069bc000 	/System/Library/Frameworks/Security.framework/Versions/A/Security
0x00000000069bc000 	/System/Library/Frameworks/ApplicationServices.framework/Versions/A/ApplicationServices
0x00000000069bc000 	/usr/lib/libz.1.dylib
0x00000000069bc000 	/usr/lib/libSystem.B.dylib
0x00000000069bc000 	/usr/lib/libobjc.A.dylib
0x00000000069bc000 	/System/Library/Frameworks/CoreFoundation.framework/Versions/A/CoreFoundation
0x00000000069bc000 	/System/Library/Frameworks/Foundation.framework/Versions/C/Foundation
0x00000000069bc000 	/System/Library/Frameworks/AppKit.framework/Versions/C/AppKit
0x00000000069bc000 	/System/Library/Frameworks/CoreData.framework/Versions/A/CoreData
0x00000000069bc000 	/System/Library/PrivateFrameworks/RemoteViewServices.framework/Versions/A/RemoteViewServices
0x00000000069bc000 	/System/Library/Frameworks/AudioToolbox.framework/Versions/A/AudioToolbox
0x00000000069bc000 	/System/Library/Frameworks/AudioUnit.framework/Versions/A/AudioUnit
0x00000000069bc000 	/System/Library/PrivateFrameworks/DataDetectorsCore.framework/Versions/A/DataDetectorsCore
0x00000000069bc000 	/System/Library/PrivateFrameworks/DesktopServicesPriv.framework/Versions/A/DesktopServicesPriv
0x00000000069bc000 	/System/Library/Frameworks/Carbon.framework/Versions/A/Frameworks/HIToolbox.framework/Versions/A/HIToolbox
0x00000000069bc000 	/System/Library/Frameworks/QuartzCore.framework/Versions/A/QuartzCore
0x00000000069bc000 	/System/Library/Frameworks/Carbon.framework/Versions/A/Frameworks/SpeechRecognition.framework/Versions/A/SpeechRecognition
0x00000000069bc000 	/usr/lib/libauto.dylib
0x00000000069bc000 	/usr/lib/libicucore.A.dylib
0x00000000069bc000 	/usr/lib/libxml2.2.dylib
0x00000000069bc000 	/System/Library/PrivateFrameworks/CoreUI.framework/Versions/A/CoreUI
0x00000000069bc000 	/System/Library/Frameworks/CoreAudio.framework/Versions/A/CoreAudio
0x00000000069bc000 	/System/Library/Frameworks/DiskArbitration.framework/Versions/A/DiskArbitration
0x00000000069bc000 	/usr/lib/liblangid.dylib
0x00000000069bc000 	/System/Library/PrivateFrameworks/MultitouchSupport.framework/Versions/A/MultitouchSupport
0x00000000069bc000 	/System/Library/Frameworks/IOKit.framework/Versions/A/IOKit
0x00000000069bc000 	/usr/lib/libDiagnosticMessagesClient.dylib
0x00000000069bc000 	/System/Library/Frameworks/CoreServices.framework/Versions/A/CoreServices
0x00000000069bc000 	/System/Library/PrivateFrameworks/PerformanceAnalysis.framework/Versions/A/PerformanceAnalysis
0x00000000069bc000 	/System/Library/PrivateFrameworks/GenerationalStorage.framework/Versions/A/GenerationalStorage
0x00000000069bc000 	/System/Library/Frameworks/OpenGL.framework/Versions/A/OpenGL
0x00000000069bc000 	/System/Library/Frameworks/CoreText.framework/Versions/A/CoreText
0x00000000069bc000 	/System/Library/Frameworks/ImageIO.framework/Versions/A/ImageIO
0x00000000069bc000 	/System/Library/PrivateFrameworks/Backup.framework/Versions/A/Backup
0x00000000069bc000 	/System/Library/Frameworks/CFNetwork.framework/Versions/A/CFNetwork
0x00000000069bc000 	/System/Library/Frameworks/SystemConfiguration.framework/Versions/A/SystemConfiguration
0x00000000069bc000 	/usr/lib/libCRFSuite.dylib
0x00000000069bc000 	/System/Library/PrivateFrameworks/TCC.framework/Versions/A/TCC
0x00000000069bc000 	/usr/lib/libc++.1.dylib
0x00000000069bc000 	/usr/lib/libc++abi.dylib
0x00000000069bc000 	/usr/lib/system/libcache.dylib
0x00000000069bc000 	/usr/lib/system/libcommonCrypto.dylib
0x00000000069bc000 	/usr/lib/system/libcompiler_rt.dylib
0x00000000069bc000 	/usr/lib/system/libcopyfile.dylib
0x00000000069bc000 	/usr/lib/system/libdispatch.dylib
0x00000000069bc000 	/usr/lib/system/libdnsinfo.dylib
0x00000000069bc000 	/usr/lib/system/libdyld.dylib
0x00000000069bc000 	/usr/lib/system/libkeymgr.dylib
0x00000000069bc000 	/usr/lib/system/liblaunch.dylib
0x00000000069bc000 	/usr/lib/system/libmacho.dylib
0x00000000069bc000 	/usr/lib/system/libquarantine.dylib
0x00000000069bc000 	/usr/lib/system/libremovefile.dylib
0x00000000069bc000 	/usr/lib/system/libsystem_blocks.dylib
0x00000000069bc000 	/usr/lib/system/libsystem_c.dylib
0x00000000069bc000 	/usr/lib/system/libsystem_dnssd.dylib
0x00000000069bc000 	/usr/lib/system/libsystem_info.dylib
0x00000000069bc000 	/usr/lib/system/libsystem_kernel.dylib
0x00000000069bc000 	/usr/lib/system/libsystem_m.dylib
0x00000000069bc000 	/usr/lib/system/libsystem_network.dylib
0x00000000069bc000 	/usr/lib/system/libsystem_notify.dylib
0x00000000069bc000 	/usr/lib/system/libsystem_sandbox.dylib
0x00000000069bc000 	/usr/lib/system/libunc.dylib
0x00000000069bc000 	/usr/lib/system/libunwind.dylib
0x00000000069bc000 	/usr/lib/system/libxpc.dylib
0x00000000069bc000 	/usr/lib/system/libcorecrypto.dylib
0x00000000069bc000 	/usr/lib/libstdc++.6.dylib
0x00000000069bc000 	/usr/lib/libbsm.0.dylib
0x00000000069bc000 	/usr/lib/libsqlite3.dylib
0x00000000069bc000 	/usr/lib/libxar.1.dylib
0x00000000069bc000 	/usr/lib/libpam.2.dylib
0x00000000069bc000 	/usr/lib/libOpenScriptingUtil.dylib
0x00000000069bc000 	/usr/lib/libbz2.1.0.dylib
0x00000000069bc000 	/System/Library/Frameworks/CoreServices.framework/Versions/A/Frameworks/CarbonCore.framework/Versions/A/CarbonCore
0x00000000069bc000 	/System/Library/Frameworks/CoreServices.framework/Versions/A/Frameworks/Metadata.framework/Versions/A/Metadata
0x00000000069bc000 	/System/Library/Frameworks/CoreServices.framework/Versions/A/Frameworks/OSServices.framework/Versions/A/OSServices
0x00000000069bc000 	/System/Library/Frameworks/CoreServices.framework/Versions/A/Frameworks/SearchKit.framework/Versions/A/SearchKit
0x00000000069bc000 	/System/Library/Frameworks/CoreServices.framework/Versions/A/Frameworks/AE.framework/Versions/A/AE
0x00000000069bc000 	/System/Library/Frameworks/CoreServices.framework/Versions/A/Frameworks/LaunchServices.framework/Versions/A/LaunchServices
0x00000000069bc000 	/System/Library/Frameworks/CoreServices.framework/Versions/A/Frameworks/DictionaryServices.framework/Versions/A/DictionaryServices
0x00000000069bc000 	/System/Library/Frameworks/NetFS.framework/Versions/A/NetFS
0x00000000069bc000 	/usr/lib/system/libkxld.dylib
0x00000000069bc000 	/System/Library/PrivateFrameworks/NetAuth.framework/Versions/A/NetAuth
0x00000000069bc000 	/System/Library/Frameworks/OpenDirectory.framework/Versions/A/Frameworks/CFOpenDirectory.framework/Versions/A/CFOpenDirectory
0x00000000069bc000 	/usr/lib/libxslt.1.dylib
0x00000000069bc000 	/System/Library/PrivateFrameworks/FamilyControls.framework/Versions/A/FamilyControls
0x00000000069bc000 	/System/Library/Frameworks/Carbon.framework/Versions/A/Frameworks/Ink.framework/Versions/A/Ink
0x00000000069bc000 	/System/Library/Frameworks/ApplicationServices.framework/Versions/A/Frameworks/CoreGraphics.framework/Versions/A/CoreGraphics
0x00000000069bc000 	/System/Library/Frameworks/ApplicationServices.framework/Versions/A/Frameworks/ATS.framework/Versions/A/ATS
0x00000000069bc000 	/System/Library/Frameworks/ApplicationServices.framework/Versions/A/Frameworks/ColorSync.framework/Versions/A/ColorSync
0x00000000069bc000 	/System/Library/Frameworks/ApplicationServices.framework/Versions/A/Frameworks/HIServices.framework/Versions/A/HIServices
0x00000000069bc000 	/System/Library/Frameworks/ApplicationServices.framework/Versions/A/Frameworks/LangAnalysis.framework/Versions/A/LangAnalysis
0x00000000069bc000 	/System/Library/Frameworks/ApplicationServices.framework/Versions/A/Frameworks/PrintCore.framework/Versions/A/PrintCore
0x00000000069bc000 	/System/Library/Frameworks/ApplicationServices.framework/Versions/A/Frameworks/QD.framework/Versions/A/QD
0x00000000069bc000 	/System/Library/Frameworks/ApplicationServices.framework/Versions/A/Frameworks/SpeechSynthesis.framework/Versions/A/SpeechSynthesis
0x00000000069bc000 	/System/Library/Frameworks/IOSurface.framework/Versions/A/IOSurface
0x00000000069bc000 	/System/Library/Frameworks/Accelerate.framework/Versions/A/Accelerate
0x00000000069bc000 	/System/Library/Frameworks/ApplicationServices.framework/Versions/A/Frameworks/ATS.framework/Versions/A/Resources/libFontParser.dylib
0x00000000069bc000 	/System/Library/Frameworks/ApplicationServices.framework/Versions/A/Frameworks/ATS.framework/Versions/A/Resources/libFontRegistry.dylib
0x00000000069bc000 	/System/Library/Frameworks/Accelerate.framework/Versions/A/Frameworks/vImage.framework/Versions/A/vImage
0x00000000069bc000 	/System/Library/Frameworks/Accelerate.framework/Versions/A/Frameworks/vecLib.framework/Versions/A/vecLib
0x00000000069bc000 	/System/Library/Frameworks/Accelerate.framework/Versions/A/Frameworks/vecLib.framework/Versions/A/libvDSP.dylib
0x00000000069bc000 	/System/Library/Frameworks/Accelerate.framework/Versions/A/Frameworks/vecLib.framework/Versions/A/libvMisc.dylib
0x00000000069bc000 	/System/Library/Frameworks/Accelerate.framework/Versions/A/Frameworks/vecLib.framework/Versions/A/libLAPACK.dylib
0x00000000069bc000 	/System/Library/Frameworks/Accelerate.framework/Versions/A/Frameworks/vecLib.framework/Versions/A/libBLAS.dylib
0x00000000069bc000 	/System/Library/Frameworks/ImageIO.framework/Versions/A/Resources/libJPEG.dylib
0x00000000069bc000 	/System/Library/Frameworks/ImageIO.framework/Versions/A/Resources/libTIFF.dylib
0x00000000069bc000 	/System/Library/Frameworks/ImageIO.framework/Versions/A/Resources/libPng.dylib
0x00000000069bc000 	/System/Library/Frameworks/ImageIO.framework/Versions/A/Resources/libGIF.dylib
0x00000000069bc000 	/System/Library/Frameworks/ImageIO.framework/Versions/A/Resources/libJP2.dylib
0x00000000069bc000 	/System/Library/Frameworks/ImageIO.framework/Versions/A/Resources/libRadiance.dylib
0x00000000069bc000 	/usr/lib/libcups.2.dylib
0x00000000069bc000 	/System/Library/Frameworks/Kerberos.framework/Versions/A/Kerberos
0x00000000069bc000 	/System/Library/Frameworks/GSS.framework/Versions/A/GSS
0x00000000069bc000 	/usr/lib/libresolv.9.dylib
0x00000000069bc000 	/usr/lib/libiconv.2.dylib
0x00000000069bc000 	/System/Library/PrivateFrameworks/Heimdal.framework/Versions/A/Heimdal
0x00000000069bc000 	/System/Library/PrivateFrameworks/TrustEvaluationAgent.framework/Versions/A/TrustEvaluationAgent
0x00000000069bc000 	/System/Library/Frameworks/OpenDirectory.framework/Versions/A/OpenDirectory
0x00000000069bc000 	/System/Library/PrivateFrameworks/CommonAuth.framework/Versions/A/CommonAuth
0x00000000069bc000 	/System/Library/PrivateFrameworks/Bom.framework/Versions/A/Bom
0x00000000069bc000 	/System/Library/Frameworks/CoreVideo.framework/Versions/A/CoreVideo
0x00000000069bc000 	/System/Library/Frameworks/QuartzCore.framework/Versions/A/Frameworks/CoreImage.framework/Versions/A/CoreImage
0x00000000069bc000 	/System/Library/Frameworks/QuartzCore.framework/Versions/A/Frameworks/ScalableUserInterface.framework/Versions/A/ScalableUserInterface
0x00000000069bc000 	/System/Library/Frameworks/OpenGL.framework/Versions/A/Libraries/libGLU.dylib
0x00000000069bc000 	/System/Library/Frameworks/OpenGL.framework/Versions/A/Libraries/libGFXShared.dylib
0x00000000069bc000 	/System/Library/Frameworks/OpenGL.framework/Versions/A/Libraries/libGL.dylib
0x00000000069bc000 	/System/Library/Frameworks/OpenGL.framework/Versions/A/Libraries/libGLImage.dylib
0x00000000069bc000 	/System/Library/Frameworks/OpenGL.framework/Versions/A/Libraries/libCVMSPluginSupport.dylib
0x00000000069bc000 	/System/Library/Frameworks/OpenGL.framework/Versions/A/Libraries/libCoreVMClient.dylib
0x00000000069bc000 	/System/Library/PrivateFrameworks/CrashReporterSupport.framework/Versions/A/CrashReporterSupport
0x00000000069bc000 	/System/Library/Frameworks/OpenCL.framework/Versions/A/OpenCL
0x00000000069bc000 	/System/Library/PrivateFrameworks/FaceCoreLight.framework/Versions/A/FaceCoreLight
0x00000000069bc000 	/System/Library/PrivateFrameworks/AppleFSCompression.framework/Versions/A/AppleFSCompression
0x00000000069bc000 	/System/Library/PrivateFrameworks/Ubiquity.framework/Versions/A/Ubiquity
0x00000000069bc000 	/System/Library/Frameworks/ServiceManagement.framework/Versions/A/ServiceManagement
0x00000000069bc000 	/System/Library/PrivateFrameworks/ChunkingLibrary.framework/Versions/A/ChunkingLibrary
0x00000000069bc000 	/System/Library/Frameworks/vecLib.framework/Versions/A/vecLib
0x00000000069bc000 	/System/Library/Frameworks/SecurityFoundation.framework/Versions/A/SecurityFoundation
0x00000000069bc000 	/System/Library/PrivateFrameworks/CommerceKit.framework/Versions/A/Frameworks/CommerceCore.framework/Versions/A/CommerceCore
0x00000000069bc000 	/System/Library/PrivateFrameworks/CoreSymbolication.framework/Versions/A/CoreSymbolication
0x00000000069bc000 	/System/Library/PrivateFrameworks/Symbolication.framework/Versions/A/Symbolication
0x00000000069bc000 	/System/Library/PrivateFrameworks/DebugSymbols.framework/Versions/A/DebugSymbols
0x00000001070be000 	/Library/Java/JavaVirtualMachines/jdk1.8.0_31.jdk/Contents/Home/jre/lib/server/libjvm.dylib
0x00000001081e0000 	/Library/Java/JavaVirtualMachines/jdk1.8.0_31.jdk/Contents/Home/jre/lib/libverify.dylib
0x00000001081ee000 	/Library/Java/JavaVirtualMachines/jdk1.8.0_31.jdk/Contents/Home/jre/lib/libjava.dylib
0x00000001082af000 	/Library/Java/JavaVirtualMachines/jdk1.8.0_31.jdk/Contents/Home/jre/lib/libzip.dylib
0x0000000196194000 	/System/Library/Frameworks/JavaVM.framework/Frameworks/JavaRuntimeSupport.framework/JavaRuntimeSupport
0x00000001961ac000 	/System/Library/Frameworks/JavaVM.framework/Versions/A/Frameworks/JavaNativeFoundation.framework/Versions/A/JavaNativeFoundation
0x00000001961c1000 	/System/Library/Frameworks/JavaVM.framework/Versions/A/JavaVM
0x00000000069bc000 	/System/Library/Frameworks/Carbon.framework/Versions/A/Carbon
0x00000001961ce000 	/System/Library/PrivateFrameworks/JavaLaunching.framework/Versions/A/JavaLaunching
0x00000000069bc000 	/System/Library/Frameworks/Carbon.framework/Versions/A/Frameworks/CommonPanels.framework/Versions/A/CommonPanels
0x00000000069bc000 	/System/Library/Frameworks/Carbon.framework/Versions/A/Frameworks/Help.framework/Versions/A/Help
0x00000000069bc000 	/System/Library/Frameworks/Carbon.framework/Versions/A/Frameworks/ImageCapture.framework/Versions/A/ImageCapture
0x00000000069bc000 	/System/Library/Frameworks/Carbon.framework/Versions/A/Frameworks/OpenScripting.framework/Versions/A/OpenScripting
0x00000000069bc000 	/System/Library/Frameworks/Carbon.framework/Versions/A/Frameworks/Print.framework/Versions/A/Print
0x00000000069bc000 	/System/Library/Frameworks/Carbon.framework/Versions/A/Frameworks/SecurityHI.framework/Versions/A/SecurityHI
0x0000000197090000 	/Library/Java/JavaVirtualMachines/jdk1.8.0_31.jdk/Contents/Home/jre/lib/libnet.dylib
0x00000001970a7000 	/Library/Java/JavaVirtualMachines/jdk1.8.0_31.jdk/Contents/Home/jre/lib/libnio.dylib
0x000000019963d000 	/Library/Java/JavaVirtualMachines/jdk1.8.0_31.jdk/Contents/Home/jre/lib/libmanagement.dylib
0x000000019964a000 	/Users/sy/Projects/scala/sandbox/gestalt/gestalt-meta/target/native_libraries/64bits/libjnotify.jnilib
0x000000019621e000 	/Library/Java/JavaVirtualMachines/jdk1.8.0_31.jdk/Contents/Home/jre/lib/libsunec.dylib
0x00000001975fe000 	/Library/Java/JavaVirtualMachines/jdk1.8.0_31.jdk/Contents/Home/jre/lib/libosx.dylib
0x000000019760c000 	/Library/Java/JavaVirtualMachines/jdk1.8.0_31.jdk/Contents/Home/jre/lib/./libosxapp.dylib
0x0000000196267000 	/System/Library/Frameworks/ExceptionHandling.framework/Versions/A/ExceptionHandling

VM Arguments:
jvm_args: -Xmx2G -XX:+UseConcMarkSweepGC -XX:+CMSClassUnloadingEnabled -XX:MaxPermSize=2G -Xss2M -Xms1024m -Xmx1024m -XX:ReservedCodeCacheSize=128m -XX:MaxMetaspaceSize=256m 
java_command: /usr/local/sbt/bin/sbt-launch.jar
java_class_path (initial): /usr/local/sbt/bin/sbt-launch.jar
Launcher Type: SUN_STANDARD

Environment Variables:
PATH=/usr/local/bin:/usr/bin:/bin:/usr/sbin:/sbin:/usr/local/jad:/usr/local/scala/bin:/usr/local/vertx/bin:/usr/local/sbt/bin:/usr/local/mongo/bin:/Users/sy/Development/activator-1.2.10:/usr/local/jad:/usr/local/scala/bin:/usr/local/vertx/bin:/usr/local/sbt/bin:/usr/local/mongo/bin:/Users/sy/Development/activator-1.2.10:/usr/local/vertx:/usr/local/git/bin:/usr/local/maven/bin/:/usr/local/go/bin
SHELL=/bin/bash

Signal Handlers:
SIGSEGV: [libjvm.dylib+0x57a0e7], sa_mask[0]=11111111011111110111111111111111, sa_flags=SA_ONSTACK|SA_RESTART|SA_SIGINFO
SIGBUS: [libjvm.dylib+0x57a0e7], sa_mask[0]=11111111011111110111111111111111, sa_flags=SA_RESTART|SA_SIGINFO
SIGFPE: [libjvm.dylib+0x45af24], sa_mask[0]=11111111011111110111111111111111, sa_flags=SA_RESTART|SA_SIGINFO
SIGPIPE: [libjvm.dylib+0x45af24], sa_mask[0]=11111111011111110111111111111111, sa_flags=SA_RESTART|SA_SIGINFO
SIGXFSZ: [libjvm.dylib+0x45af24], sa_mask[0]=11111111011111110111111111111111, sa_flags=SA_RESTART|SA_SIGINFO
SIGILL: [libjvm.dylib+0x45af24], sa_mask[0]=11111111011111110111111111111111, sa_flags=SA_RESTART|SA_SIGINFO
SIGUSR1: SIG_DFL, sa_mask[0]=11011111011111100000000111000110, sa_flags=none
SIGUSR2: [libjvm.dylib+0x45aa42], sa_mask[0]=00000000000000000000000000000000, sa_flags=SA_RESTART|SA_SIGINFO
SIGHUP: [libjvm.dylib+0x459015], sa_mask[0]=11111111011111110111111111111111, sa_flags=SA_RESTART|SA_SIGINFO
SIGINT: [libjvm.dylib+0x459015], sa_mask[0]=11111111011111110111111111111111, sa_flags=SA_RESTART|SA_SIGINFO
SIGTERM: [libjvm.dylib+0x459015], sa_mask[0]=11111111011111110111111111111111, sa_flags=SA_RESTART|SA_SIGINFO
SIGQUIT: [libjvm.dylib+0x459015], sa_mask[0]=11111111011111110111111111111111, sa_flags=SA_RESTART|SA_SIGINFO


---------------  S Y S T E M  ---------------

OS:Bsduname:Darwin 12.6.0 Darwin Kernel Version 12.6.0: Wed Mar 18 16:23:48 PDT 2015; root:xnu-2050.48.19~1/RELEASE_X86_64 x86_64
rlimit: STACK 8192k, CORE 0k, NPROC 709, NOFILE 10240, AS infinity
load average:1.78 1.97 2.20

CPU:total 8 (4 cores per cpu, 2 threads per core) family 6 model 58 stepping 9, cmov, cx8, fxsr, mmx, sse, sse2, sse3, ssse3, sse4.1, sse4.2, popcnt, avx, aes, clmul, erms, ht, tsc, tscinvbit, tscinv

Memory: 4k page, physical 16777216k(1924496k free)

/proc/meminfo:


vm_info: Java HotSpot(TM) 64-Bit Server VM (25.31-b07) for bsd-amd64 JRE (1.8.0_31-b13), built on Dec 17 2014 20:45:36 by "java_re" with gcc 4.2.1 (Based on Apple Inc. build 5658) (LLVM build 2336.11.00)

time: Wed Jul 27 18:06:11 2016
elapsed time: 8202 seconds (0d 2h 16m 42s)

